2019-07-05 12:54:13,885 INFO 18388 [Timer] D:\Work_Space\Egg.js\location\node_modules\_egg-multipart@2.7.1@egg-multipart\app\schedule\clean_tmpdir.js next time will execute after 56146218ms at 2019-07-06 04:30:00.103
2019-07-05 12:54:13,886 INFO 18388 [Timer] D:\Work_Space\Egg.js\location\node_modules\_egg-logrotator@3.1.0@egg-logrotator\app\schedule\clean_log.js next time will execute after 39946114ms at 2019-07-06 00:00:00.000
2019-07-05 12:54:13,886 INFO 18388 [Timer] D:\Work_Space\Egg.js\location\node_modules\_egg-logrotator@3.1.0@egg-logrotator\app\schedule\rotate_by_file.js next time will execute after 39947114ms at 2019-07-06 00:00:01.000
2019-07-05 12:54:13,557 INFO 16312 [egg-schedule]: register schedule D:\Work_Space\Egg.js\location\node_modules\_egg-multipart@2.7.1@egg-multipart\app\schedule\clean_tmpdir.js
2019-07-05 12:54:13,557 INFO 16312 [egg-schedule]: register schedule D:\Work_Space\Egg.js\location\node_modules\_egg-logrotator@3.1.0@egg-logrotator\app\schedule\clean_log.js
2019-07-05 12:54:13,557 INFO 16312 [egg-schedule]: register schedule D:\Work_Space\Egg.js\location\node_modules\_egg-logrotator@3.1.0@egg-logrotator\app\schedule\rotate_by_file.js
2019-07-05 12:56:54,873 INFO 30528 [Timer] D:\Work_Space\Egg.js\location\node_modules\_egg-multipart@2.7.1@egg-multipart\app\schedule\clean_tmpdir.js next time will execute after 55985132ms at 2019-07-06 04:30:00.005
2019-07-05 12:56:54,874 INFO 30528 [Timer] D:\Work_Space\Egg.js\location\node_modules\_egg-logrotator@3.1.0@egg-logrotator\app\schedule\clean_log.js next time will execute after 39785127ms at 2019-07-06 00:00:00.001
2019-07-05 12:56:54,874 INFO 30528 [Timer] D:\Work_Space\Egg.js\location\node_modules\_egg-logrotator@3.1.0@egg-logrotator\app\schedule\rotate_by_file.js next time will execute after 39786126ms at 2019-07-06 00:00:01.000
2019-07-05 12:56:54,666 INFO 16572 [egg-schedule]: register schedule D:\Work_Space\Egg.js\location\node_modules\_egg-multipart@2.7.1@egg-multipart\app\schedule\clean_tmpdir.js
2019-07-05 12:56:54,666 INFO 16572 [egg-schedule]: register schedule D:\Work_Space\Egg.js\location\node_modules\_egg-logrotator@3.1.0@egg-logrotator\app\schedule\clean_log.js
2019-07-05 12:56:54,666 INFO 16572 [egg-schedule]: register schedule D:\Work_Space\Egg.js\location\node_modules\_egg-logrotator@3.1.0@egg-logrotator\app\schedule\rotate_by_file.js
2019-07-05 12:59:21,880 INFO 26956 [egg-schedule]: register schedule D:\Work_Space\Egg.js\location\node_modules\_egg-multipart@2.7.1@egg-multipart\app\schedule\clean_tmpdir.js
2019-07-05 12:59:21,880 INFO 26956 [egg-schedule]: register schedule D:\Work_Space\Egg.js\location\node_modules\_egg-logrotator@3.1.0@egg-logrotator\app\schedule\clean_log.js
2019-07-05 12:59:21,880 INFO 26956 [egg-schedule]: register schedule D:\Work_Space\Egg.js\location\node_modules\_egg-logrotator@3.1.0@egg-logrotator\app\schedule\rotate_by_file.js
2019-07-05 13:00:40,431 INFO 27612 [egg-schedule]: register schedule D:\Work_Space\Egg.js\location\node_modules\_egg-multipart@2.7.1@egg-multipart\app\schedule\clean_tmpdir.js
2019-07-05 13:00:40,431 INFO 27612 [egg-schedule]: register schedule D:\Work_Space\Egg.js\location\node_modules\_egg-logrotator@3.1.0@egg-logrotator\app\schedule\clean_log.js
2019-07-05 13:00:40,431 INFO 27612 [egg-schedule]: register schedule D:\Work_Space\Egg.js\location\node_modules\_egg-logrotator@3.1.0@egg-logrotator\app\schedule\rotate_by_file.js
2019-07-05 13:04:38,896 INFO 9112 [egg-schedule]: register schedule D:\Work_Space\Egg.js\location\node_modules\_egg-multipart@2.7.1@egg-multipart\app\schedule\clean_tmpdir.js
2019-07-05 13:04:38,896 INFO 9112 [egg-schedule]: register schedule D:\Work_Space\Egg.js\location\node_modules\_egg-logrotator@3.1.0@egg-logrotator\app\schedule\clean_log.js
2019-07-05 13:04:38,896 INFO 9112 [egg-schedule]: register schedule D:\Work_Space\Egg.js\location\node_modules\_egg-logrotator@3.1.0@egg-logrotator\app\schedule\rotate_by_file.js
2019-07-05 13:07:39,448 INFO 30940 [egg-schedule]: register schedule D:\Work_Space\Egg.js\location\node_modules\_egg-multipart@2.7.1@egg-multipart\app\schedule\clean_tmpdir.js
2019-07-05 13:07:39,448 INFO 30940 [egg-schedule]: register schedule D:\Work_Space\Egg.js\location\node_modules\_egg-logrotator@3.1.0@egg-logrotator\app\schedule\clean_log.js
2019-07-05 13:07:39,448 INFO 30940 [egg-schedule]: register schedule D:\Work_Space\Egg.js\location\node_modules\_egg-logrotator@3.1.0@egg-logrotator\app\schedule\rotate_by_file.js
2019-07-05 13:11:00,434 INFO 26408 [egg-schedule]: register schedule D:\Work_Space\Egg.js\location\node_modules\_egg-multipart@2.7.1@egg-multipart\app\schedule\clean_tmpdir.js
2019-07-05 13:11:00,434 INFO 26408 [egg-schedule]: register schedule D:\Work_Space\Egg.js\location\node_modules\_egg-logrotator@3.1.0@egg-logrotator\app\schedule\clean_log.js
2019-07-05 13:11:00,434 INFO 26408 [egg-schedule]: register schedule D:\Work_Space\Egg.js\location\node_modules\_egg-logrotator@3.1.0@egg-logrotator\app\schedule\rotate_by_file.js
2019-07-05 13:11:30,980 INFO 28740 [egg-schedule]: register schedule D:\Work_Space\Egg.js\location\node_modules\_egg-multipart@2.7.1@egg-multipart\app\schedule\clean_tmpdir.js
2019-07-05 13:11:30,980 INFO 28740 [egg-schedule]: register schedule D:\Work_Space\Egg.js\location\node_modules\_egg-logrotator@3.1.0@egg-logrotator\app\schedule\clean_log.js
2019-07-05 13:11:30,980 INFO 28740 [egg-schedule]: register schedule D:\Work_Space\Egg.js\location\node_modules\_egg-logrotator@3.1.0@egg-logrotator\app\schedule\rotate_by_file.js
2019-07-05 13:11:31,264 INFO 25300 [Timer] D:\Work_Space\Egg.js\location\node_modules\_egg-multipart@2.7.1@egg-multipart\app\schedule\clean_tmpdir.js next time will execute after 55108741ms at 2019-07-06 04:30:00.005
2019-07-05 13:11:31,265 INFO 25300 [Timer] D:\Work_Space\Egg.js\location\node_modules\_egg-logrotator@3.1.0@egg-logrotator\app\schedule\clean_log.js next time will execute after 38908735ms at 2019-07-06 00:00:00.000
2019-07-05 13:11:31,265 INFO 25300 [Timer] D:\Work_Space\Egg.js\location\node_modules\_egg-logrotator@3.1.0@egg-logrotator\app\schedule\rotate_by_file.js next time will execute after 38909735ms at 2019-07-06 00:00:01.000
2019-07-05 13:11:53,556 INFO 30588 [egg-schedule]: register schedule D:\Work_Space\Egg.js\location\node_modules\_egg-multipart@2.7.1@egg-multipart\app\schedule\clean_tmpdir.js
2019-07-05 13:11:53,556 INFO 30588 [egg-schedule]: register schedule D:\Work_Space\Egg.js\location\node_modules\_egg-logrotator@3.1.0@egg-logrotator\app\schedule\clean_log.js
2019-07-05 13:11:53,556 INFO 30588 [egg-schedule]: register schedule D:\Work_Space\Egg.js\location\node_modules\_egg-logrotator@3.1.0@egg-logrotator\app\schedule\rotate_by_file.js
2019-07-05 13:11:53,559 INFO 15940 [egg-schedule]: register schedule D:\Work_Space\Egg.js\location\node_modules\_egg-multipart@2.7.1@egg-multipart\app\schedule\clean_tmpdir.js
2019-07-05 13:11:53,559 INFO 15940 [egg-schedule]: register schedule D:\Work_Space\Egg.js\location\node_modules\_egg-logrotator@3.1.0@egg-logrotator\app\schedule\clean_log.js
2019-07-05 13:11:53,560 INFO 15940 [egg-schedule]: register schedule D:\Work_Space\Egg.js\location\node_modules\_egg-logrotator@3.1.0@egg-logrotator\app\schedule\rotate_by_file.js
2019-07-05 13:11:56,833 INFO 12120 [egg-schedule]: register schedule D:\Work_Space\Egg.js\location\node_modules\_egg-multipart@2.7.1@egg-multipart\app\schedule\clean_tmpdir.js
2019-07-05 13:11:56,833 INFO 12120 [egg-schedule]: register schedule D:\Work_Space\Egg.js\location\node_modules\_egg-logrotator@3.1.0@egg-logrotator\app\schedule\clean_log.js
2019-07-05 13:11:56,833 INFO 12120 [egg-schedule]: register schedule D:\Work_Space\Egg.js\location\node_modules\_egg-logrotator@3.1.0@egg-logrotator\app\schedule\rotate_by_file.js
2019-07-05 13:11:56,835 INFO 24660 [egg-schedule]: register schedule D:\Work_Space\Egg.js\location\node_modules\_egg-multipart@2.7.1@egg-multipart\app\schedule\clean_tmpdir.js
2019-07-05 13:11:56,835 INFO 24660 [egg-schedule]: register schedule D:\Work_Space\Egg.js\location\node_modules\_egg-logrotator@3.1.0@egg-logrotator\app\schedule\clean_log.js
2019-07-05 13:11:56,835 INFO 24660 [egg-schedule]: register schedule D:\Work_Space\Egg.js\location\node_modules\_egg-logrotator@3.1.0@egg-logrotator\app\schedule\rotate_by_file.js
2019-07-05 13:14:43,989 INFO 7212 [egg-schedule]: register schedule D:\Work_Space\Egg.js\location\node_modules\_egg-multipart@2.7.1@egg-multipart\app\schedule\clean_tmpdir.js
2019-07-05 13:14:43,990 INFO 7212 [egg-schedule]: register schedule D:\Work_Space\Egg.js\location\node_modules\_egg-logrotator@3.1.0@egg-logrotator\app\schedule\clean_log.js
2019-07-05 13:14:43,990 INFO 7212 [egg-schedule]: register schedule D:\Work_Space\Egg.js\location\node_modules\_egg-logrotator@3.1.0@egg-logrotator\app\schedule\rotate_by_file.js
2019-07-05 13:14:43,989 INFO 21796 [egg-schedule]: register schedule D:\Work_Space\Egg.js\location\node_modules\_egg-multipart@2.7.1@egg-multipart\app\schedule\clean_tmpdir.js
2019-07-05 13:14:43,990 INFO 21796 [egg-schedule]: register schedule D:\Work_Space\Egg.js\location\node_modules\_egg-logrotator@3.1.0@egg-logrotator\app\schedule\clean_log.js
2019-07-05 13:14:43,990 INFO 21796 [egg-schedule]: register schedule D:\Work_Space\Egg.js\location\node_modules\_egg-logrotator@3.1.0@egg-logrotator\app\schedule\rotate_by_file.js
2019-07-05 13:15:13,477 INFO 11076 [egg-schedule]: register schedule D:\Work_Space\Egg.js\location\node_modules\_egg-multipart@2.7.1@egg-multipart\app\schedule\clean_tmpdir.js
2019-07-05 13:15:13,477 INFO 11076 [egg-schedule]: register schedule D:\Work_Space\Egg.js\location\node_modules\_egg-logrotator@3.1.0@egg-logrotator\app\schedule\clean_log.js
2019-07-05 13:15:13,477 INFO 11076 [egg-schedule]: register schedule D:\Work_Space\Egg.js\location\node_modules\_egg-logrotator@3.1.0@egg-logrotator\app\schedule\rotate_by_file.js
2019-07-05 13:15:13,479 INFO 15908 [egg-schedule]: register schedule D:\Work_Space\Egg.js\location\node_modules\_egg-multipart@2.7.1@egg-multipart\app\schedule\clean_tmpdir.js
2019-07-05 13:15:13,479 INFO 15908 [egg-schedule]: register schedule D:\Work_Space\Egg.js\location\node_modules\_egg-logrotator@3.1.0@egg-logrotator\app\schedule\clean_log.js
2019-07-05 13:15:13,479 INFO 15908 [egg-schedule]: register schedule D:\Work_Space\Egg.js\location\node_modules\_egg-logrotator@3.1.0@egg-logrotator\app\schedule\rotate_by_file.js
2019-07-05 13:15:16,545 INFO 4876 [egg-schedule]: register schedule D:\Work_Space\Egg.js\location\node_modules\_egg-multipart@2.7.1@egg-multipart\app\schedule\clean_tmpdir.js
2019-07-05 13:15:16,545 INFO 4876 [egg-schedule]: register schedule D:\Work_Space\Egg.js\location\node_modules\_egg-logrotator@3.1.0@egg-logrotator\app\schedule\clean_log.js
2019-07-05 13:15:16,545 INFO 4876 [egg-schedule]: register schedule D:\Work_Space\Egg.js\location\node_modules\_egg-logrotator@3.1.0@egg-logrotator\app\schedule\rotate_by_file.js
2019-07-05 13:15:16,546 INFO 16788 [egg-schedule]: register schedule D:\Work_Space\Egg.js\location\node_modules\_egg-multipart@2.7.1@egg-multipart\app\schedule\clean_tmpdir.js
2019-07-05 13:15:16,546 INFO 16788 [egg-schedule]: register schedule D:\Work_Space\Egg.js\location\node_modules\_egg-logrotator@3.1.0@egg-logrotator\app\schedule\clean_log.js
2019-07-05 13:15:16,546 INFO 16788 [egg-schedule]: register schedule D:\Work_Space\Egg.js\location\node_modules\_egg-logrotator@3.1.0@egg-logrotator\app\schedule\rotate_by_file.js
2019-07-05 13:17:02,245 INFO 26240 [egg-schedule]: register schedule D:\Work_Space\Egg.js\location\node_modules\_egg-multipart@2.7.1@egg-multipart\app\schedule\clean_tmpdir.js
2019-07-05 13:17:02,245 INFO 26240 [egg-schedule]: register schedule D:\Work_Space\Egg.js\location\node_modules\_egg-logrotator@3.1.0@egg-logrotator\app\schedule\clean_log.js
2019-07-05 13:17:02,245 INFO 26240 [egg-schedule]: register schedule D:\Work_Space\Egg.js\location\node_modules\_egg-logrotator@3.1.0@egg-logrotator\app\schedule\rotate_by_file.js
2019-07-05 13:17:02,245 INFO 15636 [egg-schedule]: register schedule D:\Work_Space\Egg.js\location\node_modules\_egg-multipart@2.7.1@egg-multipart\app\schedule\clean_tmpdir.js
2019-07-05 13:17:02,245 INFO 15636 [egg-schedule]: register schedule D:\Work_Space\Egg.js\location\node_modules\_egg-logrotator@3.1.0@egg-logrotator\app\schedule\clean_log.js
2019-07-05 13:17:02,245 INFO 15636 [egg-schedule]: register schedule D:\Work_Space\Egg.js\location\node_modules\_egg-logrotator@3.1.0@egg-logrotator\app\schedule\rotate_by_file.js
2019-07-05 13:17:09,377 INFO 30356 [egg-schedule]: register schedule D:\Work_Space\Egg.js\location\node_modules\_egg-multipart@2.7.1@egg-multipart\app\schedule\clean_tmpdir.js
2019-07-05 13:17:09,377 INFO 30356 [egg-schedule]: register schedule D:\Work_Space\Egg.js\location\node_modules\_egg-logrotator@3.1.0@egg-logrotator\app\schedule\clean_log.js
2019-07-05 13:17:09,377 INFO 30356 [egg-schedule]: register schedule D:\Work_Space\Egg.js\location\node_modules\_egg-logrotator@3.1.0@egg-logrotator\app\schedule\rotate_by_file.js
2019-07-05 13:17:09,444 INFO 6292 [egg-schedule]: register schedule D:\Work_Space\Egg.js\location\node_modules\_egg-multipart@2.7.1@egg-multipart\app\schedule\clean_tmpdir.js
2019-07-05 13:17:09,444 INFO 6292 [egg-schedule]: register schedule D:\Work_Space\Egg.js\location\node_modules\_egg-logrotator@3.1.0@egg-logrotator\app\schedule\clean_log.js
2019-07-05 13:17:09,445 INFO 6292 [egg-schedule]: register schedule D:\Work_Space\Egg.js\location\node_modules\_egg-logrotator@3.1.0@egg-logrotator\app\schedule\rotate_by_file.js
2019-07-05 13:17:42,806 INFO 6448 [egg-schedule]: register schedule D:\Work_Space\Egg.js\location\node_modules\_egg-multipart@2.7.1@egg-multipart\app\schedule\clean_tmpdir.js
2019-07-05 13:17:42,806 INFO 6448 [egg-schedule]: register schedule D:\Work_Space\Egg.js\location\node_modules\_egg-logrotator@3.1.0@egg-logrotator\app\schedule\clean_log.js
2019-07-05 13:17:42,806 INFO 6448 [egg-schedule]: register schedule D:\Work_Space\Egg.js\location\node_modules\_egg-logrotator@3.1.0@egg-logrotator\app\schedule\rotate_by_file.js
2019-07-05 13:17:42,805 INFO 22456 [egg-schedule]: register schedule D:\Work_Space\Egg.js\location\node_modules\_egg-multipart@2.7.1@egg-multipart\app\schedule\clean_tmpdir.js
2019-07-05 13:17:42,805 INFO 22456 [egg-schedule]: register schedule D:\Work_Space\Egg.js\location\node_modules\_egg-logrotator@3.1.0@egg-logrotator\app\schedule\clean_log.js
2019-07-05 13:17:42,805 INFO 22456 [egg-schedule]: register schedule D:\Work_Space\Egg.js\location\node_modules\_egg-logrotator@3.1.0@egg-logrotator\app\schedule\rotate_by_file.js
2019-07-05 13:18:33,300 INFO 15676 [egg-schedule]: register schedule D:\Work_Space\Egg.js\location\node_modules\_egg-multipart@2.7.1@egg-multipart\app\schedule\clean_tmpdir.js
2019-07-05 13:18:33,300 INFO 15676 [egg-schedule]: register schedule D:\Work_Space\Egg.js\location\node_modules\_egg-logrotator@3.1.0@egg-logrotator\app\schedule\clean_log.js
2019-07-05 13:18:33,300 INFO 15676 [egg-schedule]: register schedule D:\Work_Space\Egg.js\location\node_modules\_egg-logrotator@3.1.0@egg-logrotator\app\schedule\rotate_by_file.js
2019-07-05 13:18:33,306 INFO 26380 [egg-schedule]: register schedule D:\Work_Space\Egg.js\location\node_modules\_egg-multipart@2.7.1@egg-multipart\app\schedule\clean_tmpdir.js
2019-07-05 13:18:33,307 INFO 26380 [egg-schedule]: register schedule D:\Work_Space\Egg.js\location\node_modules\_egg-logrotator@3.1.0@egg-logrotator\app\schedule\clean_log.js
2019-07-05 13:18:33,307 INFO 26380 [egg-schedule]: register schedule D:\Work_Space\Egg.js\location\node_modules\_egg-logrotator@3.1.0@egg-logrotator\app\schedule\rotate_by_file.js
2019-07-05 13:18:53,995 INFO 20140 [egg-schedule]: register schedule D:\Work_Space\Egg.js\location\node_modules\_egg-multipart@2.7.1@egg-multipart\app\schedule\clean_tmpdir.js
2019-07-05 13:18:53,995 INFO 20140 [egg-schedule]: register schedule D:\Work_Space\Egg.js\location\node_modules\_egg-logrotator@3.1.0@egg-logrotator\app\schedule\clean_log.js
2019-07-05 13:18:53,995 INFO 20140 [egg-schedule]: register schedule D:\Work_Space\Egg.js\location\node_modules\_egg-logrotator@3.1.0@egg-logrotator\app\schedule\rotate_by_file.js
2019-07-05 13:18:53,996 INFO 11064 [egg-schedule]: register schedule D:\Work_Space\Egg.js\location\node_modules\_egg-multipart@2.7.1@egg-multipart\app\schedule\clean_tmpdir.js
2019-07-05 13:18:53,996 INFO 11064 [egg-schedule]: register schedule D:\Work_Space\Egg.js\location\node_modules\_egg-logrotator@3.1.0@egg-logrotator\app\schedule\clean_log.js
2019-07-05 13:18:53,996 INFO 11064 [egg-schedule]: register schedule D:\Work_Space\Egg.js\location\node_modules\_egg-logrotator@3.1.0@egg-logrotator\app\schedule\rotate_by_file.js
2019-07-05 13:19:34,969 INFO 25464 [egg-schedule]: register schedule D:\Work_Space\Egg.js\location\node_modules\_egg-multipart@2.7.1@egg-multipart\app\schedule\clean_tmpdir.js
2019-07-05 13:19:34,969 INFO 25464 [egg-schedule]: register schedule D:\Work_Space\Egg.js\location\node_modules\_egg-logrotator@3.1.0@egg-logrotator\app\schedule\clean_log.js
2019-07-05 13:19:34,969 INFO 25464 [egg-schedule]: register schedule D:\Work_Space\Egg.js\location\node_modules\_egg-logrotator@3.1.0@egg-logrotator\app\schedule\rotate_by_file.js
2019-07-05 13:19:34,980 INFO 30548 [egg-schedule]: register schedule D:\Work_Space\Egg.js\location\node_modules\_egg-multipart@2.7.1@egg-multipart\app\schedule\clean_tmpdir.js
2019-07-05 13:19:34,980 INFO 30548 [egg-schedule]: register schedule D:\Work_Space\Egg.js\location\node_modules\_egg-logrotator@3.1.0@egg-logrotator\app\schedule\clean_log.js
2019-07-05 13:19:34,980 INFO 30548 [egg-schedule]: register schedule D:\Work_Space\Egg.js\location\node_modules\_egg-logrotator@3.1.0@egg-logrotator\app\schedule\rotate_by_file.js
2019-07-05 13:19:37,893 INFO 6440 [egg-schedule]: register schedule D:\Work_Space\Egg.js\location\node_modules\_egg-multipart@2.7.1@egg-multipart\app\schedule\clean_tmpdir.js
2019-07-05 13:19:37,893 INFO 6440 [egg-schedule]: register schedule D:\Work_Space\Egg.js\location\node_modules\_egg-logrotator@3.1.0@egg-logrotator\app\schedule\clean_log.js
2019-07-05 13:19:37,893 INFO 6440 [egg-schedule]: register schedule D:\Work_Space\Egg.js\location\node_modules\_egg-logrotator@3.1.0@egg-logrotator\app\schedule\rotate_by_file.js
2019-07-05 13:19:37,895 INFO 11344 [egg-schedule]: register schedule D:\Work_Space\Egg.js\location\node_modules\_egg-multipart@2.7.1@egg-multipart\app\schedule\clean_tmpdir.js
2019-07-05 13:19:37,895 INFO 11344 [egg-schedule]: register schedule D:\Work_Space\Egg.js\location\node_modules\_egg-logrotator@3.1.0@egg-logrotator\app\schedule\clean_log.js
2019-07-05 13:19:37,895 INFO 11344 [egg-schedule]: register schedule D:\Work_Space\Egg.js\location\node_modules\_egg-logrotator@3.1.0@egg-logrotator\app\schedule\rotate_by_file.js
2019-07-05 13:21:24,684 INFO 25412 [egg-schedule]: register schedule D:\Work_Space\Egg.js\location\node_modules\_egg-multipart@2.7.1@egg-multipart\app\schedule\clean_tmpdir.js
2019-07-05 13:21:24,684 INFO 25412 [egg-schedule]: register schedule D:\Work_Space\Egg.js\location\node_modules\_egg-logrotator@3.1.0@egg-logrotator\app\schedule\clean_log.js
2019-07-05 13:21:24,684 INFO 25412 [egg-schedule]: register schedule D:\Work_Space\Egg.js\location\node_modules\_egg-logrotator@3.1.0@egg-logrotator\app\schedule\rotate_by_file.js
2019-07-05 13:21:24,683 INFO 13824 [egg-schedule]: register schedule D:\Work_Space\Egg.js\location\node_modules\_egg-multipart@2.7.1@egg-multipart\app\schedule\clean_tmpdir.js
2019-07-05 13:21:24,684 INFO 13824 [egg-schedule]: register schedule D:\Work_Space\Egg.js\location\node_modules\_egg-logrotator@3.1.0@egg-logrotator\app\schedule\clean_log.js
2019-07-05 13:21:24,684 INFO 13824 [egg-schedule]: register schedule D:\Work_Space\Egg.js\location\node_modules\_egg-logrotator@3.1.0@egg-logrotator\app\schedule\rotate_by_file.js
2019-07-05 13:21:27,840 INFO 18732 [egg-schedule]: register schedule D:\Work_Space\Egg.js\location\node_modules\_egg-multipart@2.7.1@egg-multipart\app\schedule\clean_tmpdir.js
2019-07-05 13:21:27,840 INFO 18732 [egg-schedule]: register schedule D:\Work_Space\Egg.js\location\node_modules\_egg-logrotator@3.1.0@egg-logrotator\app\schedule\clean_log.js
2019-07-05 13:21:27,840 INFO 18732 [egg-schedule]: register schedule D:\Work_Space\Egg.js\location\node_modules\_egg-logrotator@3.1.0@egg-logrotator\app\schedule\rotate_by_file.js
2019-07-05 13:21:27,837 INFO 9080 [egg-schedule]: register schedule D:\Work_Space\Egg.js\location\node_modules\_egg-multipart@2.7.1@egg-multipart\app\schedule\clean_tmpdir.js
2019-07-05 13:21:27,838 INFO 9080 [egg-schedule]: register schedule D:\Work_Space\Egg.js\location\node_modules\_egg-logrotator@3.1.0@egg-logrotator\app\schedule\clean_log.js
2019-07-05 13:21:27,838 INFO 9080 [egg-schedule]: register schedule D:\Work_Space\Egg.js\location\node_modules\_egg-logrotator@3.1.0@egg-logrotator\app\schedule\rotate_by_file.js
2019-07-05 13:21:54,067 INFO 22448 [egg-schedule]: register schedule D:\Work_Space\Egg.js\location\node_modules\_egg-multipart@2.7.1@egg-multipart\app\schedule\clean_tmpdir.js
2019-07-05 13:21:54,067 INFO 22448 [egg-schedule]: register schedule D:\Work_Space\Egg.js\location\node_modules\_egg-logrotator@3.1.0@egg-logrotator\app\schedule\clean_log.js
2019-07-05 13:21:54,067 INFO 22448 [egg-schedule]: register schedule D:\Work_Space\Egg.js\location\node_modules\_egg-logrotator@3.1.0@egg-logrotator\app\schedule\rotate_by_file.js
2019-07-05 13:21:54,067 INFO 30484 [egg-schedule]: register schedule D:\Work_Space\Egg.js\location\node_modules\_egg-multipart@2.7.1@egg-multipart\app\schedule\clean_tmpdir.js
2019-07-05 13:21:54,067 INFO 30484 [egg-schedule]: register schedule D:\Work_Space\Egg.js\location\node_modules\_egg-logrotator@3.1.0@egg-logrotator\app\schedule\clean_log.js
2019-07-05 13:21:54,067 INFO 30484 [egg-schedule]: register schedule D:\Work_Space\Egg.js\location\node_modules\_egg-logrotator@3.1.0@egg-logrotator\app\schedule\rotate_by_file.js
2019-07-05 13:30:08,511 INFO 6292 [egg-schedule]: register schedule D:\Work_Space\Egg.js\location\node_modules\_egg-multipart@2.7.1@egg-multipart\app\schedule\clean_tmpdir.js
2019-07-05 13:30:08,511 INFO 6292 [egg-schedule]: register schedule D:\Work_Space\Egg.js\location\node_modules\_egg-logrotator@3.1.0@egg-logrotator\app\schedule\clean_log.js
2019-07-05 13:30:08,511 INFO 6292 [egg-schedule]: register schedule D:\Work_Space\Egg.js\location\node_modules\_egg-logrotator@3.1.0@egg-logrotator\app\schedule\rotate_by_file.js
2019-07-05 13:30:08,511 INFO 10852 [egg-schedule]: register schedule D:\Work_Space\Egg.js\location\node_modules\_egg-multipart@2.7.1@egg-multipart\app\schedule\clean_tmpdir.js
2019-07-05 13:30:08,511 INFO 10852 [egg-schedule]: register schedule D:\Work_Space\Egg.js\location\node_modules\_egg-logrotator@3.1.0@egg-logrotator\app\schedule\clean_log.js
2019-07-05 13:30:08,512 INFO 10852 [egg-schedule]: register schedule D:\Work_Space\Egg.js\location\node_modules\_egg-logrotator@3.1.0@egg-logrotator\app\schedule\rotate_by_file.js
2019-07-05 13:30:11,996 INFO 16692 [egg-schedule]: register schedule D:\Work_Space\Egg.js\location\node_modules\_egg-multipart@2.7.1@egg-multipart\app\schedule\clean_tmpdir.js
2019-07-05 13:30:11,996 INFO 16692 [egg-schedule]: register schedule D:\Work_Space\Egg.js\location\node_modules\_egg-logrotator@3.1.0@egg-logrotator\app\schedule\clean_log.js
2019-07-05 13:30:11,996 INFO 16692 [egg-schedule]: register schedule D:\Work_Space\Egg.js\location\node_modules\_egg-logrotator@3.1.0@egg-logrotator\app\schedule\rotate_by_file.js
2019-07-05 13:30:12,001 INFO 31736 [egg-schedule]: register schedule D:\Work_Space\Egg.js\location\node_modules\_egg-multipart@2.7.1@egg-multipart\app\schedule\clean_tmpdir.js
2019-07-05 13:30:12,001 INFO 31736 [egg-schedule]: register schedule D:\Work_Space\Egg.js\location\node_modules\_egg-logrotator@3.1.0@egg-logrotator\app\schedule\clean_log.js
2019-07-05 13:30:12,001 INFO 31736 [egg-schedule]: register schedule D:\Work_Space\Egg.js\location\node_modules\_egg-logrotator@3.1.0@egg-logrotator\app\schedule\rotate_by_file.js
2019-07-05 13:32:06,374 INFO 30320 [egg-schedule]: register schedule D:\Work_Space\Egg.js\location\node_modules\_egg-multipart@2.7.1@egg-multipart\app\schedule\clean_tmpdir.js
2019-07-05 13:32:06,374 INFO 30320 [egg-schedule]: register schedule D:\Work_Space\Egg.js\location\node_modules\_egg-logrotator@3.1.0@egg-logrotator\app\schedule\clean_log.js
2019-07-05 13:32:06,374 INFO 30320 [egg-schedule]: register schedule D:\Work_Space\Egg.js\location\node_modules\_egg-logrotator@3.1.0@egg-logrotator\app\schedule\rotate_by_file.js
2019-07-05 13:32:19,951 INFO 29032 [egg-schedule]: register schedule D:\Work_Space\Egg.js\location\node_modules\_egg-multipart@2.7.1@egg-multipart\app\schedule\clean_tmpdir.js
2019-07-05 13:32:19,952 INFO 29032 [egg-schedule]: register schedule D:\Work_Space\Egg.js\location\node_modules\_egg-logrotator@3.1.0@egg-logrotator\app\schedule\clean_log.js
2019-07-05 13:32:19,952 INFO 29032 [egg-schedule]: register schedule D:\Work_Space\Egg.js\location\node_modules\_egg-logrotator@3.1.0@egg-logrotator\app\schedule\rotate_by_file.js
2019-07-05 13:32:23,695 INFO 27880 [egg-schedule]: register schedule D:\Work_Space\Egg.js\location\node_modules\_egg-multipart@2.7.1@egg-multipart\app\schedule\clean_tmpdir.js
2019-07-05 13:32:23,695 INFO 27880 [egg-schedule]: register schedule D:\Work_Space\Egg.js\location\node_modules\_egg-logrotator@3.1.0@egg-logrotator\app\schedule\clean_log.js
2019-07-05 13:32:23,695 INFO 27880 [egg-schedule]: register schedule D:\Work_Space\Egg.js\location\node_modules\_egg-logrotator@3.1.0@egg-logrotator\app\schedule\rotate_by_file.js
2019-07-05 13:33:03,102 INFO 18948 [egg-schedule]: register schedule D:\Work_Space\Egg.js\location\node_modules\_egg-multipart@2.7.1@egg-multipart\app\schedule\clean_tmpdir.js
2019-07-05 13:33:03,103 INFO 18948 [egg-schedule]: register schedule D:\Work_Space\Egg.js\location\node_modules\_egg-logrotator@3.1.0@egg-logrotator\app\schedule\clean_log.js
2019-07-05 13:33:03,103 INFO 18948 [egg-schedule]: register schedule D:\Work_Space\Egg.js\location\node_modules\_egg-logrotator@3.1.0@egg-logrotator\app\schedule\rotate_by_file.js
2019-07-05 13:33:49,403 INFO 1360 [Timer] D:\Work_Space\Egg.js\location\node_modules\_egg-multipart@2.7.1@egg-multipart\app\schedule\clean_tmpdir.js next time will execute after 53770601ms at 2019-07-06 04:30:00.004
2019-07-05 13:33:49,403 INFO 1360 [Timer] D:\Work_Space\Egg.js\location\node_modules\_egg-logrotator@3.1.0@egg-logrotator\app\schedule\clean_log.js next time will execute after 37570597ms at 2019-07-06 00:00:00.000
2019-07-05 13:33:49,403 INFO 1360 [Timer] D:\Work_Space\Egg.js\location\node_modules\_egg-logrotator@3.1.0@egg-logrotator\app\schedule\rotate_by_file.js next time will execute after 37571597ms at 2019-07-06 00:00:01.000
2019-07-05 13:33:49,152 INFO 29360 [egg-schedule]: register schedule D:\Work_Space\Egg.js\location\node_modules\_egg-multipart@2.7.1@egg-multipart\app\schedule\clean_tmpdir.js
2019-07-05 13:33:49,152 INFO 29360 [egg-schedule]: register schedule D:\Work_Space\Egg.js\location\node_modules\_egg-logrotator@3.1.0@egg-logrotator\app\schedule\clean_log.js
2019-07-05 13:33:49,152 INFO 29360 [egg-schedule]: register schedule D:\Work_Space\Egg.js\location\node_modules\_egg-logrotator@3.1.0@egg-logrotator\app\schedule\rotate_by_file.js
2019-07-05 13:34:40,243 INFO 26844 [egg-schedule]: register schedule D:\Work_Space\Egg.js\location\node_modules\_egg-multipart@2.7.1@egg-multipart\app\schedule\clean_tmpdir.js
2019-07-05 13:34:40,243 INFO 26844 [egg-schedule]: register schedule D:\Work_Space\Egg.js\location\node_modules\_egg-logrotator@3.1.0@egg-logrotator\app\schedule\clean_log.js
2019-07-05 13:34:40,243 INFO 26844 [egg-schedule]: register schedule D:\Work_Space\Egg.js\location\node_modules\_egg-logrotator@3.1.0@egg-logrotator\app\schedule\rotate_by_file.js
2019-07-05 13:34:45,733 INFO 21212 [egg-schedule]: register schedule D:\Work_Space\Egg.js\location\node_modules\_egg-multipart@2.7.1@egg-multipart\app\schedule\clean_tmpdir.js
2019-07-05 13:34:45,733 INFO 21212 [egg-schedule]: register schedule D:\Work_Space\Egg.js\location\node_modules\_egg-logrotator@3.1.0@egg-logrotator\app\schedule\clean_log.js
2019-07-05 13:34:45,733 INFO 21212 [egg-schedule]: register schedule D:\Work_Space\Egg.js\location\node_modules\_egg-logrotator@3.1.0@egg-logrotator\app\schedule\rotate_by_file.js
2019-07-05 13:35:14,122 INFO 7572 [egg-schedule]: register schedule D:\Work_Space\Egg.js\location\node_modules\_egg-multipart@2.7.1@egg-multipart\app\schedule\clean_tmpdir.js
2019-07-05 13:35:14,122 INFO 7572 [egg-schedule]: register schedule D:\Work_Space\Egg.js\location\node_modules\_egg-logrotator@3.1.0@egg-logrotator\app\schedule\clean_log.js
2019-07-05 13:35:14,122 INFO 7572 [egg-schedule]: register schedule D:\Work_Space\Egg.js\location\node_modules\_egg-logrotator@3.1.0@egg-logrotator\app\schedule\rotate_by_file.js
2019-07-05 13:35:14,121 INFO 26172 [egg-schedule]: register schedule D:\Work_Space\Egg.js\location\node_modules\_egg-multipart@2.7.1@egg-multipart\app\schedule\clean_tmpdir.js
2019-07-05 13:35:14,121 INFO 26172 [egg-schedule]: register schedule D:\Work_Space\Egg.js\location\node_modules\_egg-logrotator@3.1.0@egg-logrotator\app\schedule\clean_log.js
2019-07-05 13:35:14,121 INFO 26172 [egg-schedule]: register schedule D:\Work_Space\Egg.js\location\node_modules\_egg-logrotator@3.1.0@egg-logrotator\app\schedule\rotate_by_file.js
2019-07-05 13:35:20,640 INFO 17392 [egg-schedule]: register schedule D:\Work_Space\Egg.js\location\node_modules\_egg-multipart@2.7.1@egg-multipart\app\schedule\clean_tmpdir.js
2019-07-05 13:35:20,640 INFO 17392 [egg-schedule]: register schedule D:\Work_Space\Egg.js\location\node_modules\_egg-logrotator@3.1.0@egg-logrotator\app\schedule\clean_log.js
2019-07-05 13:35:20,640 INFO 17392 [egg-schedule]: register schedule D:\Work_Space\Egg.js\location\node_modules\_egg-logrotator@3.1.0@egg-logrotator\app\schedule\rotate_by_file.js
2019-07-05 13:35:20,647 INFO 11200 [egg-schedule]: register schedule D:\Work_Space\Egg.js\location\node_modules\_egg-multipart@2.7.1@egg-multipart\app\schedule\clean_tmpdir.js
2019-07-05 13:35:20,647 INFO 11200 [egg-schedule]: register schedule D:\Work_Space\Egg.js\location\node_modules\_egg-logrotator@3.1.0@egg-logrotator\app\schedule\clean_log.js
2019-07-05 13:35:20,647 INFO 11200 [egg-schedule]: register schedule D:\Work_Space\Egg.js\location\node_modules\_egg-logrotator@3.1.0@egg-logrotator\app\schedule\rotate_by_file.js
2019-07-05 13:39:07,643 INFO 29908 [egg-schedule]: register schedule D:\Work_Space\Egg.js\location\node_modules\_egg-multipart@2.7.1@egg-multipart\app\schedule\clean_tmpdir.js
2019-07-05 13:39:07,643 INFO 29908 [egg-schedule]: register schedule D:\Work_Space\Egg.js\location\node_modules\_egg-logrotator@3.1.0@egg-logrotator\app\schedule\clean_log.js
2019-07-05 13:39:07,643 INFO 29908 [egg-schedule]: register schedule D:\Work_Space\Egg.js\location\node_modules\_egg-logrotator@3.1.0@egg-logrotator\app\schedule\rotate_by_file.js
2019-07-05 13:39:07,643 INFO 29692 [egg-schedule]: register schedule D:\Work_Space\Egg.js\location\node_modules\_egg-multipart@2.7.1@egg-multipart\app\schedule\clean_tmpdir.js
2019-07-05 13:39:07,643 INFO 29692 [egg-schedule]: register schedule D:\Work_Space\Egg.js\location\node_modules\_egg-logrotator@3.1.0@egg-logrotator\app\schedule\clean_log.js
2019-07-05 13:39:07,643 INFO 29692 [egg-schedule]: register schedule D:\Work_Space\Egg.js\location\node_modules\_egg-logrotator@3.1.0@egg-logrotator\app\schedule\rotate_by_file.js
2019-07-05 13:39:10,587 INFO 1152 [egg-schedule]: register schedule D:\Work_Space\Egg.js\location\node_modules\_egg-multipart@2.7.1@egg-multipart\app\schedule\clean_tmpdir.js
2019-07-05 13:39:10,587 INFO 1152 [egg-schedule]: register schedule D:\Work_Space\Egg.js\location\node_modules\_egg-logrotator@3.1.0@egg-logrotator\app\schedule\clean_log.js
2019-07-05 13:39:10,587 INFO 1152 [egg-schedule]: register schedule D:\Work_Space\Egg.js\location\node_modules\_egg-logrotator@3.1.0@egg-logrotator\app\schedule\rotate_by_file.js
2019-07-05 13:39:10,582 INFO 13596 [egg-schedule]: register schedule D:\Work_Space\Egg.js\location\node_modules\_egg-multipart@2.7.1@egg-multipart\app\schedule\clean_tmpdir.js
2019-07-05 13:39:10,582 INFO 13596 [egg-schedule]: register schedule D:\Work_Space\Egg.js\location\node_modules\_egg-logrotator@3.1.0@egg-logrotator\app\schedule\clean_log.js
2019-07-05 13:39:10,582 INFO 13596 [egg-schedule]: register schedule D:\Work_Space\Egg.js\location\node_modules\_egg-logrotator@3.1.0@egg-logrotator\app\schedule\rotate_by_file.js
2019-07-05 14:01:31,844 INFO 25848 [egg-schedule]: register schedule D:\Work_Space\Egg.js\location\node_modules\_egg-multipart@2.7.1@egg-multipart\app\schedule\clean_tmpdir.js
2019-07-05 14:01:31,844 INFO 25848 [egg-schedule]: register schedule D:\Work_Space\Egg.js\location\node_modules\_egg-logrotator@3.1.0@egg-logrotator\app\schedule\clean_log.js
2019-07-05 14:01:31,844 INFO 25848 [egg-schedule]: register schedule D:\Work_Space\Egg.js\location\node_modules\_egg-logrotator@3.1.0@egg-logrotator\app\schedule\rotate_by_file.js
2019-07-05 15:25:25,287 INFO 31468 [egg-schedule]: register schedule D:\Work_Space\Egg.js\location\node_modules\_egg-multipart@2.7.1@egg-multipart\app\schedule\clean_tmpdir.js
2019-07-05 15:25:25,287 INFO 31468 [egg-schedule]: register schedule D:\Work_Space\Egg.js\location\node_modules\_egg-logrotator@3.1.0@egg-logrotator\app\schedule\clean_log.js
2019-07-05 15:25:25,287 INFO 31468 [egg-schedule]: register schedule D:\Work_Space\Egg.js\location\node_modules\_egg-logrotator@3.1.0@egg-logrotator\app\schedule\rotate_by_file.js
2019-07-05 15:25:30,069 INFO 11388 [egg-schedule]: register schedule D:\Work_Space\Egg.js\location\node_modules\_egg-multipart@2.7.1@egg-multipart\app\schedule\clean_tmpdir.js
2019-07-05 15:25:30,069 INFO 11388 [egg-schedule]: register schedule D:\Work_Space\Egg.js\location\node_modules\_egg-logrotator@3.1.0@egg-logrotator\app\schedule\clean_log.js
2019-07-05 15:25:30,069 INFO 11388 [egg-schedule]: register schedule D:\Work_Space\Egg.js\location\node_modules\_egg-logrotator@3.1.0@egg-logrotator\app\schedule\rotate_by_file.js
2019-07-05 15:26:11,136 INFO 26980 [egg-schedule]: register schedule D:\Work_Space\Egg.js\location\node_modules\_egg-multipart@2.7.1@egg-multipart\app\schedule\clean_tmpdir.js
2019-07-05 15:26:11,136 INFO 26980 [egg-schedule]: register schedule D:\Work_Space\Egg.js\location\node_modules\_egg-logrotator@3.1.0@egg-logrotator\app\schedule\clean_log.js
2019-07-05 15:26:11,136 INFO 26980 [egg-schedule]: register schedule D:\Work_Space\Egg.js\location\node_modules\_egg-logrotator@3.1.0@egg-logrotator\app\schedule\rotate_by_file.js
2019-07-05 15:27:11,024 INFO 3576 [egg-schedule]: register schedule D:\Work_Space\Egg.js\location\node_modules\_egg-multipart@2.7.1@egg-multipart\app\schedule\clean_tmpdir.js
2019-07-05 15:27:11,024 INFO 3576 [egg-schedule]: register schedule D:\Work_Space\Egg.js\location\node_modules\_egg-logrotator@3.1.0@egg-logrotator\app\schedule\clean_log.js
2019-07-05 15:27:11,024 INFO 3576 [egg-schedule]: register schedule D:\Work_Space\Egg.js\location\node_modules\_egg-logrotator@3.1.0@egg-logrotator\app\schedule\rotate_by_file.js
2019-07-05 15:27:16,116 INFO 30452 [egg-schedule]: register schedule D:\Work_Space\Egg.js\location\node_modules\_egg-multipart@2.7.1@egg-multipart\app\schedule\clean_tmpdir.js
2019-07-05 15:27:16,116 INFO 30452 [egg-schedule]: register schedule D:\Work_Space\Egg.js\location\node_modules\_egg-logrotator@3.1.0@egg-logrotator\app\schedule\clean_log.js
2019-07-05 15:27:16,116 INFO 30452 [egg-schedule]: register schedule D:\Work_Space\Egg.js\location\node_modules\_egg-logrotator@3.1.0@egg-logrotator\app\schedule\rotate_by_file.js
2019-07-05 15:27:20,234 INFO 19648 [egg-schedule]: register schedule D:\Work_Space\Egg.js\location\node_modules\_egg-multipart@2.7.1@egg-multipart\app\schedule\clean_tmpdir.js
2019-07-05 15:27:20,234 INFO 19648 [egg-schedule]: register schedule D:\Work_Space\Egg.js\location\node_modules\_egg-logrotator@3.1.0@egg-logrotator\app\schedule\clean_log.js
2019-07-05 15:27:20,234 INFO 19648 [egg-schedule]: register schedule D:\Work_Space\Egg.js\location\node_modules\_egg-logrotator@3.1.0@egg-logrotator\app\schedule\rotate_by_file.js
2019-07-07 20:29:27,832 INFO 19956 [egg-schedule]: register schedule D:\Work_Space\Egg.js\location\node_modules\_egg-multipart@2.7.1@egg-multipart\app\schedule\clean_tmpdir.js
2019-07-07 20:29:27,832 INFO 19956 [egg-schedule]: register schedule D:\Work_Space\Egg.js\location\node_modules\_egg-logrotator@3.1.0@egg-logrotator\app\schedule\clean_log.js
2019-07-07 20:29:27,832 INFO 19956 [egg-schedule]: register schedule D:\Work_Space\Egg.js\location\node_modules\_egg-logrotator@3.1.0@egg-logrotator\app\schedule\rotate_by_file.js
2019-07-07 20:29:29,259 INFO 25596 [Timer] D:\Work_Space\Egg.js\location\node_modules\_egg-multipart@2.7.1@egg-multipart\app\schedule\clean_tmpdir.js next time will execute after 28830744ms at 2019-07-08 04:30:00.003
2019-07-07 20:29:29,259 INFO 25596 [Timer] D:\Work_Space\Egg.js\location\node_modules\_egg-logrotator@3.1.0@egg-logrotator\app\schedule\clean_log.js next time will execute after 12630741ms at 2019-07-08 00:00:00.000
2019-07-07 20:29:29,259 INFO 25596 [Timer] D:\Work_Space\Egg.js\location\node_modules\_egg-logrotator@3.1.0@egg-logrotator\app\schedule\rotate_by_file.js next time will execute after 12631741ms at 2019-07-08 00:00:01.000
2019-07-07 20:34:56,223 INFO 26300 [egg-schedule]: register schedule D:\Work_Space\Egg.js\location\node_modules\_egg-multipart@2.7.1@egg-multipart\app\schedule\clean_tmpdir.js
2019-07-07 20:34:56,223 INFO 26300 [egg-schedule]: register schedule D:\Work_Space\Egg.js\location\node_modules\_egg-logrotator@3.1.0@egg-logrotator\app\schedule\clean_log.js
2019-07-07 20:34:56,223 INFO 26300 [egg-schedule]: register schedule D:\Work_Space\Egg.js\location\node_modules\_egg-logrotator@3.1.0@egg-logrotator\app\schedule\rotate_by_file.js
2019-07-07 20:34:58,082 INFO 19772 [egg-schedule]: register schedule D:\Work_Space\Egg.js\location\node_modules\_egg-multipart@2.7.1@egg-multipart\app\schedule\clean_tmpdir.js
2019-07-07 20:34:58,082 INFO 19772 [egg-schedule]: register schedule D:\Work_Space\Egg.js\location\node_modules\_egg-logrotator@3.1.0@egg-logrotator\app\schedule\clean_log.js
2019-07-07 20:34:58,082 INFO 19772 [egg-schedule]: register schedule D:\Work_Space\Egg.js\location\node_modules\_egg-logrotator@3.1.0@egg-logrotator\app\schedule\rotate_by_file.js
2019-07-07 20:36:20,731 INFO 25692 [egg-schedule]: register schedule D:\Work_Space\Egg.js\location\node_modules\_egg-multipart@2.7.1@egg-multipart\app\schedule\clean_tmpdir.js
2019-07-07 20:36:20,731 INFO 25692 [egg-schedule]: register schedule D:\Work_Space\Egg.js\location\node_modules\_egg-logrotator@3.1.0@egg-logrotator\app\schedule\clean_log.js
2019-07-07 20:36:20,731 INFO 25692 [egg-schedule]: register schedule D:\Work_Space\Egg.js\location\node_modules\_egg-logrotator@3.1.0@egg-logrotator\app\schedule\rotate_by_file.js
2019-07-07 20:36:22,523 INFO 10076 [egg-schedule]: register schedule D:\Work_Space\Egg.js\location\node_modules\_egg-multipart@2.7.1@egg-multipart\app\schedule\clean_tmpdir.js
2019-07-07 20:36:22,523 INFO 10076 [egg-schedule]: register schedule D:\Work_Space\Egg.js\location\node_modules\_egg-logrotator@3.1.0@egg-logrotator\app\schedule\clean_log.js
2019-07-07 20:36:22,523 INFO 10076 [egg-schedule]: register schedule D:\Work_Space\Egg.js\location\node_modules\_egg-logrotator@3.1.0@egg-logrotator\app\schedule\rotate_by_file.js
2019-07-07 20:39:59,246 INFO 8228 [egg-schedule]: register schedule D:\Work_Space\Egg.js\location\node_modules\_egg-multipart@2.7.1@egg-multipart\app\schedule\clean_tmpdir.js
2019-07-07 20:39:59,246 INFO 8228 [egg-schedule]: register schedule D:\Work_Space\Egg.js\location\node_modules\_egg-logrotator@3.1.0@egg-logrotator\app\schedule\clean_log.js
2019-07-07 20:39:59,246 INFO 8228 [egg-schedule]: register schedule D:\Work_Space\Egg.js\location\node_modules\_egg-logrotator@3.1.0@egg-logrotator\app\schedule\rotate_by_file.js
2019-07-07 20:40:44,535 INFO 27472 [egg-schedule]: register schedule D:\Work_Space\Egg.js\location\node_modules\_egg-multipart@2.7.1@egg-multipart\app\schedule\clean_tmpdir.js
2019-07-07 20:40:44,535 INFO 27472 [egg-schedule]: register schedule D:\Work_Space\Egg.js\location\node_modules\_egg-logrotator@3.1.0@egg-logrotator\app\schedule\clean_log.js
2019-07-07 20:40:44,535 INFO 27472 [egg-schedule]: register schedule D:\Work_Space\Egg.js\location\node_modules\_egg-logrotator@3.1.0@egg-logrotator\app\schedule\rotate_by_file.js
2019-07-07 20:41:04,920 INFO 27244 [egg-schedule]: register schedule D:\Work_Space\Egg.js\location\node_modules\_egg-multipart@2.7.1@egg-multipart\app\schedule\clean_tmpdir.js
2019-07-07 20:41:04,920 INFO 27244 [egg-schedule]: register schedule D:\Work_Space\Egg.js\location\node_modules\_egg-logrotator@3.1.0@egg-logrotator\app\schedule\clean_log.js
2019-07-07 20:41:04,920 INFO 27244 [egg-schedule]: register schedule D:\Work_Space\Egg.js\location\node_modules\_egg-logrotator@3.1.0@egg-logrotator\app\schedule\rotate_by_file.js
2019-07-07 20:43:23,296 INFO 13592 [egg-schedule]: register schedule D:\Work_Space\Egg.js\location\node_modules\_egg-multipart@2.7.1@egg-multipart\app\schedule\clean_tmpdir.js
2019-07-07 20:43:23,296 INFO 13592 [egg-schedule]: register schedule D:\Work_Space\Egg.js\location\node_modules\_egg-logrotator@3.1.0@egg-logrotator\app\schedule\clean_log.js
2019-07-07 20:43:23,296 INFO 13592 [egg-schedule]: register schedule D:\Work_Space\Egg.js\location\node_modules\_egg-logrotator@3.1.0@egg-logrotator\app\schedule\rotate_by_file.js
2019-07-07 20:43:25,115 INFO 10784 [egg-schedule]: register schedule D:\Work_Space\Egg.js\location\node_modules\_egg-multipart@2.7.1@egg-multipart\app\schedule\clean_tmpdir.js
2019-07-07 20:43:25,115 INFO 10784 [egg-schedule]: register schedule D:\Work_Space\Egg.js\location\node_modules\_egg-logrotator@3.1.0@egg-logrotator\app\schedule\clean_log.js
2019-07-07 20:43:25,115 INFO 10784 [egg-schedule]: register schedule D:\Work_Space\Egg.js\location\node_modules\_egg-logrotator@3.1.0@egg-logrotator\app\schedule\rotate_by_file.js
2019-07-07 20:45:22,787 INFO 15928 [egg-schedule]: register schedule D:\Work_Space\Egg.js\location\node_modules\_egg-multipart@2.7.1@egg-multipart\app\schedule\clean_tmpdir.js
2019-07-07 20:45:22,787 INFO 15928 [egg-schedule]: register schedule D:\Work_Space\Egg.js\location\node_modules\_egg-logrotator@3.1.0@egg-logrotator\app\schedule\clean_log.js
2019-07-07 20:45:22,787 INFO 15928 [egg-schedule]: register schedule D:\Work_Space\Egg.js\location\node_modules\_egg-logrotator@3.1.0@egg-logrotator\app\schedule\rotate_by_file.js
2019-07-07 20:45:24,574 INFO 25780 [egg-schedule]: register schedule D:\Work_Space\Egg.js\location\node_modules\_egg-multipart@2.7.1@egg-multipart\app\schedule\clean_tmpdir.js
2019-07-07 20:45:24,574 INFO 25780 [egg-schedule]: register schedule D:\Work_Space\Egg.js\location\node_modules\_egg-logrotator@3.1.0@egg-logrotator\app\schedule\clean_log.js
2019-07-07 20:45:24,574 INFO 25780 [egg-schedule]: register schedule D:\Work_Space\Egg.js\location\node_modules\_egg-logrotator@3.1.0@egg-logrotator\app\schedule\rotate_by_file.js
2019-07-07 20:47:28,352 INFO 6312 [egg-schedule]: register schedule D:\Work_Space\Egg.js\location\node_modules\_egg-multipart@2.7.1@egg-multipart\app\schedule\clean_tmpdir.js
2019-07-07 20:47:28,353 INFO 6312 [egg-schedule]: register schedule D:\Work_Space\Egg.js\location\node_modules\_egg-logrotator@3.1.0@egg-logrotator\app\schedule\clean_log.js
2019-07-07 20:47:28,353 INFO 6312 [egg-schedule]: register schedule D:\Work_Space\Egg.js\location\node_modules\_egg-logrotator@3.1.0@egg-logrotator\app\schedule\rotate_by_file.js
2019-07-07 20:47:30,164 INFO 14808 [egg-schedule]: register schedule D:\Work_Space\Egg.js\location\node_modules\_egg-multipart@2.7.1@egg-multipart\app\schedule\clean_tmpdir.js
2019-07-07 20:47:30,164 INFO 14808 [egg-schedule]: register schedule D:\Work_Space\Egg.js\location\node_modules\_egg-logrotator@3.1.0@egg-logrotator\app\schedule\clean_log.js
2019-07-07 20:47:30,164 INFO 14808 [egg-schedule]: register schedule D:\Work_Space\Egg.js\location\node_modules\_egg-logrotator@3.1.0@egg-logrotator\app\schedule\rotate_by_file.js
2019-07-07 20:48:26,079 INFO 7692 [egg-schedule]: register schedule D:\Work_Space\Egg.js\location\node_modules\_egg-multipart@2.7.1@egg-multipart\app\schedule\clean_tmpdir.js
2019-07-07 20:48:26,079 INFO 7692 [egg-schedule]: register schedule D:\Work_Space\Egg.js\location\node_modules\_egg-logrotator@3.1.0@egg-logrotator\app\schedule\clean_log.js
2019-07-07 20:48:26,079 INFO 7692 [egg-schedule]: register schedule D:\Work_Space\Egg.js\location\node_modules\_egg-logrotator@3.1.0@egg-logrotator\app\schedule\rotate_by_file.js
2019-07-07 20:49:16,253 INFO 8732 [egg-schedule]: register schedule D:\Work_Space\Egg.js\location\node_modules\_egg-multipart@2.7.1@egg-multipart\app\schedule\clean_tmpdir.js
2019-07-07 20:49:16,253 INFO 8732 [egg-schedule]: register schedule D:\Work_Space\Egg.js\location\node_modules\_egg-logrotator@3.1.0@egg-logrotator\app\schedule\clean_log.js
2019-07-07 20:49:16,253 INFO 8732 [egg-schedule]: register schedule D:\Work_Space\Egg.js\location\node_modules\_egg-logrotator@3.1.0@egg-logrotator\app\schedule\rotate_by_file.js
2019-07-07 20:53:51,974 INFO 4264 [egg-schedule]: register schedule D:\Work_Space\Egg.js\location\node_modules\_egg-multipart@2.7.1@egg-multipart\app\schedule\clean_tmpdir.js
2019-07-07 20:53:51,974 INFO 4264 [egg-schedule]: register schedule D:\Work_Space\Egg.js\location\node_modules\_egg-logrotator@3.1.0@egg-logrotator\app\schedule\clean_log.js
2019-07-07 20:53:51,974 INFO 4264 [egg-schedule]: register schedule D:\Work_Space\Egg.js\location\node_modules\_egg-logrotator@3.1.0@egg-logrotator\app\schedule\rotate_by_file.js
2019-07-07 20:54:02,940 INFO 25308 [egg-schedule]: register schedule D:\Work_Space\Egg.js\location\node_modules\_egg-multipart@2.7.1@egg-multipart\app\schedule\clean_tmpdir.js
2019-07-07 20:54:02,940 INFO 25308 [egg-schedule]: register schedule D:\Work_Space\Egg.js\location\node_modules\_egg-logrotator@3.1.0@egg-logrotator\app\schedule\clean_log.js
2019-07-07 20:54:02,940 INFO 25308 [egg-schedule]: register schedule D:\Work_Space\Egg.js\location\node_modules\_egg-logrotator@3.1.0@egg-logrotator\app\schedule\rotate_by_file.js
2019-07-07 20:57:26,036 INFO 24584 [egg-schedule]: register schedule D:\Work_Space\Egg.js\location\node_modules\_egg-multipart@2.7.1@egg-multipart\app\schedule\clean_tmpdir.js
2019-07-07 20:57:26,036 INFO 24584 [egg-schedule]: register schedule D:\Work_Space\Egg.js\location\node_modules\_egg-logrotator@3.1.0@egg-logrotator\app\schedule\clean_log.js
2019-07-07 20:57:26,036 INFO 24584 [egg-schedule]: register schedule D:\Work_Space\Egg.js\location\node_modules\_egg-logrotator@3.1.0@egg-logrotator\app\schedule\rotate_by_file.js
