2019-07-11 21:03:16,264 ERROR 27680 [-/127.0.0.1/-/112ms GET /] nodejs.TypeError: Cannot set property 'body' of undefined
    at date (D:\Work_Space\Egg.js\lottery2\app\middleware\date.js:7:23)
    at dispatch (D:\Work_Space\Egg.js\lottery2\node_modules\_koa-compose@4.1.0@koa-compose\index.js:42:32)
    at D:\Work_Space\Egg.js\lottery2\node_modules\_egg-development@2.4.3@egg-development\app\middleware\egg_loader_trace.js:9:56
    at dispatch (D:\Work_Space\Egg.js\lottery2\node_modules\_koa-compose@4.1.0@koa-compose\index.js:42:32)
    at i18n (D:\Work_Space\Egg.js\lottery2\node_modules\_egg-i18n@2.1.1@egg-i18n\app\middleware\i18n.js:13:12)
    at dispatch (D:\Work_Space\Egg.js\lottery2\node_modules\_koa-compose@4.1.0@koa-compose\index.js:42:32)
    at dispatch (D:\Work_Space\Egg.js\lottery2\node_modules\_koa-compose@4.1.0@koa-compose\index.js:42:32)
    at dta (D:\Work_Space\Egg.js\lottery2\node_modules\_egg-security@2.5.0@egg-security\lib\middlewares\dta.js:12:12)
    at dispatch (D:\Work_Space\Egg.js\lottery2\node_modules\_koa-compose@4.1.0@koa-compose\index.js:42:32)
    at xframe (D:\Work_Space\Egg.js\lottery2\node_modules\_egg-security@2.5.0@egg-security\lib\middlewares\xframe.js:7:11)

pid: 27680
hostname: LAPTOP-83OS1GJI

2019-07-11 21:03:23,151 ERROR 27680 [-/127.0.0.1/-/4ms GET /] nodejs.TypeError: Cannot set property 'body' of undefined
    at date (D:\Work_Space\Egg.js\lottery2\app\middleware\date.js:7:23)
    at dispatch (D:\Work_Space\Egg.js\lottery2\node_modules\_koa-compose@4.1.0@koa-compose\index.js:42:32)
    at D:\Work_Space\Egg.js\lottery2\node_modules\_egg-development@2.4.3@egg-development\app\middleware\egg_loader_trace.js:9:56
    at dispatch (D:\Work_Space\Egg.js\lottery2\node_modules\_koa-compose@4.1.0@koa-compose\index.js:42:32)
    at i18n (D:\Work_Space\Egg.js\lottery2\node_modules\_egg-i18n@2.1.1@egg-i18n\app\middleware\i18n.js:13:12)
    at dispatch (D:\Work_Space\Egg.js\lottery2\node_modules\_koa-compose@4.1.0@koa-compose\index.js:42:32)
    at dispatch (D:\Work_Space\Egg.js\lottery2\node_modules\_koa-compose@4.1.0@koa-compose\index.js:42:32)
    at dta (D:\Work_Space\Egg.js\lottery2\node_modules\_egg-security@2.5.0@egg-security\lib\middlewares\dta.js:12:12)
    at dispatch (D:\Work_Space\Egg.js\lottery2\node_modules\_koa-compose@4.1.0@koa-compose\index.js:42:32)
    at xframe (D:\Work_Space\Egg.js\lottery2\node_modules\_egg-security@2.5.0@egg-security\lib\middlewares\xframe.js:7:11)

pid: 27680
hostname: LAPTOP-83OS1GJI

2019-07-11 21:19:55,103 ERROR 47424 [-/127.0.0.1/-/15ms GET /aa] nodejs.TypeError: Cannot read property 'query' of undefined
    at date (D:\Work_Space\Egg.js\lottery2\app\middleware\date.js:7:30)
    at dispatch (D:\Work_Space\Egg.js\lottery2\node_modules\_koa-compose@4.1.0@koa-compose\index.js:42:32)
    at D:\Work_Space\Egg.js\lottery2\node_modules\_egg-development@2.4.3@egg-development\app\middleware\egg_loader_trace.js:9:56
    at dispatch (D:\Work_Space\Egg.js\lottery2\node_modules\_koa-compose@4.1.0@koa-compose\index.js:42:32)
    at i18n (D:\Work_Space\Egg.js\lottery2\node_modules\_egg-i18n@2.1.1@egg-i18n\app\middleware\i18n.js:13:12)
    at dispatch (D:\Work_Space\Egg.js\lottery2\node_modules\_koa-compose@4.1.0@koa-compose\index.js:42:32)
    at dispatch (D:\Work_Space\Egg.js\lottery2\node_modules\_koa-compose@4.1.0@koa-compose\index.js:42:32)
    at dta (D:\Work_Space\Egg.js\lottery2\node_modules\_egg-security@2.5.0@egg-security\lib\middlewares\dta.js:12:12)
    at dispatch (D:\Work_Space\Egg.js\lottery2\node_modules\_koa-compose@4.1.0@koa-compose\index.js:42:32)
    at xframe (D:\Work_Space\Egg.js\lottery2\node_modules\_egg-security@2.5.0@egg-security\lib\middlewares\xframe.js:7:11)

pid: 47424
hostname: LAPTOP-83OS1GJI

2019-07-11 21:48:05,448 ERROR 17296 nodejs.unhandledExceptionError: read ECONNRESET
    at TCP.onStreamRead (internal/stream_base_commons.js:111:27)
errno: "ECONNRESET"
code: "ECONNRESET"
syscall: "read"
name: "unhandledExceptionError"
pid: 17296
hostname: LAPTOP-83OS1GJI

2019-07-11 22:46:30,743 ERROR 17296 nodejs.ClusterClientNoResponseError: client no response in 1361008ms exceeding maxIdleTime 60000ms, maybe the connection is close on other side.
    at Timeout.Leader._heartbeatTimer.setInterval [as _onTimeout] (D:\Work_Space\Egg.js\lottery2\node_modules\_cluster-client@3.0.1@cluster-client\lib\leader.js:77:23)
    at ontimeout (timers.js:436:11)
    at tryOnTimeout (timers.js:300:5)
    at listOnTimeout (timers.js:263:5)
    at Timer.processTimers (timers.js:223:10)
name: "ClusterClientNoResponseError"
pid: 17296
hostname: LAPTOP-83OS1GJI

