2019-07-11 20:49:04,862 INFO 42184 [egg-schedule]: register schedule D:\Work_Space\Egg.js\lottery2\node_modules\_egg-multipart@2.7.1@egg-multipart\app\schedule\clean_tmpdir.js
2019-07-11 20:49:04,862 INFO 42184 [egg-schedule]: register schedule D:\Work_Space\Egg.js\lottery2\node_modules\_egg-logrotator@3.1.0@egg-logrotator\app\schedule\clean_log.js
2019-07-11 20:49:04,862 INFO 42184 [egg-schedule]: register schedule D:\Work_Space\Egg.js\lottery2\node_modules\_egg-logrotator@3.1.0@egg-logrotator\app\schedule\rotate_by_file.js
2019-07-11 20:49:06,629 INFO 17296 [Timer] D:\Work_Space\Egg.js\lottery2\node_modules\_egg-multipart@2.7.1@egg-multipart\app\schedule\clean_tmpdir.js next time will execute after 27653375ms at 2019-07-12 04:30:00.004
2019-07-11 20:49:06,629 INFO 17296 [Timer] D:\Work_Space\Egg.js\lottery2\node_modules\_egg-logrotator@3.1.0@egg-logrotator\app\schedule\clean_log.js next time will execute after 11453371ms at 2019-07-12 00:00:00.000
2019-07-11 20:49:06,629 INFO 17296 [Timer] D:\Work_Space\Egg.js\lottery2\node_modules\_egg-logrotator@3.1.0@egg-logrotator\app\schedule\rotate_by_file.js next time will execute after 11454371ms at 2019-07-12 00:00:01.000
2019-07-11 20:52:30,715 INFO 22448 [egg-schedule]: register schedule D:\Work_Space\Egg.js\lottery2\node_modules\_egg-multipart@2.7.1@egg-multipart\app\schedule\clean_tmpdir.js
2019-07-11 20:52:30,715 INFO 22448 [egg-schedule]: register schedule D:\Work_Space\Egg.js\lottery2\node_modules\_egg-logrotator@3.1.0@egg-logrotator\app\schedule\clean_log.js
2019-07-11 20:52:30,715 INFO 22448 [egg-schedule]: register schedule D:\Work_Space\Egg.js\lottery2\node_modules\_egg-logrotator@3.1.0@egg-logrotator\app\schedule\rotate_by_file.js
2019-07-11 20:52:33,389 INFO 47448 [egg-schedule]: register schedule D:\Work_Space\Egg.js\lottery2\node_modules\_egg-multipart@2.7.1@egg-multipart\app\schedule\clean_tmpdir.js
2019-07-11 20:52:33,389 INFO 47448 [egg-schedule]: register schedule D:\Work_Space\Egg.js\lottery2\node_modules\_egg-logrotator@3.1.0@egg-logrotator\app\schedule\clean_log.js
2019-07-11 20:52:33,389 INFO 47448 [egg-schedule]: register schedule D:\Work_Space\Egg.js\lottery2\node_modules\_egg-logrotator@3.1.0@egg-logrotator\app\schedule\rotate_by_file.js
2019-07-11 20:58:24,125 INFO 47352 [egg-schedule]: register schedule D:\Work_Space\Egg.js\lottery2\node_modules\_egg-multipart@2.7.1@egg-multipart\app\schedule\clean_tmpdir.js
2019-07-11 20:58:24,125 INFO 47352 [egg-schedule]: register schedule D:\Work_Space\Egg.js\lottery2\node_modules\_egg-logrotator@3.1.0@egg-logrotator\app\schedule\clean_log.js
2019-07-11 20:58:24,125 INFO 47352 [egg-schedule]: register schedule D:\Work_Space\Egg.js\lottery2\node_modules\_egg-logrotator@3.1.0@egg-logrotator\app\schedule\rotate_by_file.js
2019-07-11 20:59:38,516 INFO 45808 [egg-schedule]: register schedule D:\Work_Space\Egg.js\lottery2\node_modules\_egg-multipart@2.7.1@egg-multipart\app\schedule\clean_tmpdir.js
2019-07-11 20:59:38,516 INFO 45808 [egg-schedule]: register schedule D:\Work_Space\Egg.js\lottery2\node_modules\_egg-logrotator@3.1.0@egg-logrotator\app\schedule\clean_log.js
2019-07-11 20:59:38,516 INFO 45808 [egg-schedule]: register schedule D:\Work_Space\Egg.js\lottery2\node_modules\_egg-logrotator@3.1.0@egg-logrotator\app\schedule\rotate_by_file.js
2019-07-11 20:59:56,275 INFO 14080 [egg-schedule]: register schedule D:\Work_Space\Egg.js\lottery2\node_modules\_egg-multipart@2.7.1@egg-multipart\app\schedule\clean_tmpdir.js
2019-07-11 20:59:56,275 INFO 14080 [egg-schedule]: register schedule D:\Work_Space\Egg.js\lottery2\node_modules\_egg-logrotator@3.1.0@egg-logrotator\app\schedule\clean_log.js
2019-07-11 20:59:56,275 INFO 14080 [egg-schedule]: register schedule D:\Work_Space\Egg.js\lottery2\node_modules\_egg-logrotator@3.1.0@egg-logrotator\app\schedule\rotate_by_file.js
2019-07-11 21:00:04,679 INFO 45976 [egg-schedule]: register schedule D:\Work_Space\Egg.js\lottery2\node_modules\_egg-multipart@2.7.1@egg-multipart\app\schedule\clean_tmpdir.js
2019-07-11 21:00:04,679 INFO 45976 [egg-schedule]: register schedule D:\Work_Space\Egg.js\lottery2\node_modules\_egg-logrotator@3.1.0@egg-logrotator\app\schedule\clean_log.js
2019-07-11 21:00:04,679 INFO 45976 [egg-schedule]: register schedule D:\Work_Space\Egg.js\lottery2\node_modules\_egg-logrotator@3.1.0@egg-logrotator\app\schedule\rotate_by_file.js
2019-07-11 21:00:08,895 INFO 20540 [egg-schedule]: register schedule D:\Work_Space\Egg.js\lottery2\node_modules\_egg-multipart@2.7.1@egg-multipart\app\schedule\clean_tmpdir.js
2019-07-11 21:00:08,895 INFO 20540 [egg-schedule]: register schedule D:\Work_Space\Egg.js\lottery2\node_modules\_egg-logrotator@3.1.0@egg-logrotator\app\schedule\clean_log.js
2019-07-11 21:00:08,895 INFO 20540 [egg-schedule]: register schedule D:\Work_Space\Egg.js\lottery2\node_modules\_egg-logrotator@3.1.0@egg-logrotator\app\schedule\rotate_by_file.js
2019-07-11 21:01:42,249 INFO 28180 [egg-schedule]: register schedule D:\Work_Space\Egg.js\lottery2\node_modules\_egg-multipart@2.7.1@egg-multipart\app\schedule\clean_tmpdir.js
2019-07-11 21:01:42,249 INFO 28180 [egg-schedule]: register schedule D:\Work_Space\Egg.js\lottery2\node_modules\_egg-logrotator@3.1.0@egg-logrotator\app\schedule\clean_log.js
2019-07-11 21:01:42,249 INFO 28180 [egg-schedule]: register schedule D:\Work_Space\Egg.js\lottery2\node_modules\_egg-logrotator@3.1.0@egg-logrotator\app\schedule\rotate_by_file.js
2019-07-11 21:01:44,937 INFO 15684 [egg-schedule]: register schedule D:\Work_Space\Egg.js\lottery2\node_modules\_egg-multipart@2.7.1@egg-multipart\app\schedule\clean_tmpdir.js
2019-07-11 21:01:44,937 INFO 15684 [egg-schedule]: register schedule D:\Work_Space\Egg.js\lottery2\node_modules\_egg-logrotator@3.1.0@egg-logrotator\app\schedule\clean_log.js
2019-07-11 21:01:44,937 INFO 15684 [egg-schedule]: register schedule D:\Work_Space\Egg.js\lottery2\node_modules\_egg-logrotator@3.1.0@egg-logrotator\app\schedule\rotate_by_file.js
2019-07-11 21:01:55,511 INFO 33708 [egg-schedule]: register schedule D:\Work_Space\Egg.js\lottery2\node_modules\_egg-multipart@2.7.1@egg-multipart\app\schedule\clean_tmpdir.js
2019-07-11 21:01:55,511 INFO 33708 [egg-schedule]: register schedule D:\Work_Space\Egg.js\lottery2\node_modules\_egg-logrotator@3.1.0@egg-logrotator\app\schedule\clean_log.js
2019-07-11 21:01:55,511 INFO 33708 [egg-schedule]: register schedule D:\Work_Space\Egg.js\lottery2\node_modules\_egg-logrotator@3.1.0@egg-logrotator\app\schedule\rotate_by_file.js
2019-07-11 21:02:38,690 INFO 27680 [egg-schedule]: register schedule D:\Work_Space\Egg.js\lottery2\node_modules\_egg-multipart@2.7.1@egg-multipart\app\schedule\clean_tmpdir.js
2019-07-11 21:02:38,690 INFO 27680 [egg-schedule]: register schedule D:\Work_Space\Egg.js\lottery2\node_modules\_egg-logrotator@3.1.0@egg-logrotator\app\schedule\clean_log.js
2019-07-11 21:02:38,690 INFO 27680 [egg-schedule]: register schedule D:\Work_Space\Egg.js\lottery2\node_modules\_egg-logrotator@3.1.0@egg-logrotator\app\schedule\rotate_by_file.js
2019-07-11 21:03:24,442 INFO 47364 [egg-schedule]: register schedule D:\Work_Space\Egg.js\lottery2\node_modules\_egg-multipart@2.7.1@egg-multipart\app\schedule\clean_tmpdir.js
2019-07-11 21:03:24,442 INFO 47364 [egg-schedule]: register schedule D:\Work_Space\Egg.js\lottery2\node_modules\_egg-logrotator@3.1.0@egg-logrotator\app\schedule\clean_log.js
2019-07-11 21:03:24,442 INFO 47364 [egg-schedule]: register schedule D:\Work_Space\Egg.js\lottery2\node_modules\_egg-logrotator@3.1.0@egg-logrotator\app\schedule\rotate_by_file.js
2019-07-11 21:04:03,354 INFO 23708 [egg-schedule]: register schedule D:\Work_Space\Egg.js\lottery2\node_modules\_egg-multipart@2.7.1@egg-multipart\app\schedule\clean_tmpdir.js
2019-07-11 21:04:03,354 INFO 23708 [egg-schedule]: register schedule D:\Work_Space\Egg.js\lottery2\node_modules\_egg-logrotator@3.1.0@egg-logrotator\app\schedule\clean_log.js
2019-07-11 21:04:03,354 INFO 23708 [egg-schedule]: register schedule D:\Work_Space\Egg.js\lottery2\node_modules\_egg-logrotator@3.1.0@egg-logrotator\app\schedule\rotate_by_file.js
2019-07-11 21:04:06,102 INFO 45944 [egg-schedule]: register schedule D:\Work_Space\Egg.js\lottery2\node_modules\_egg-multipart@2.7.1@egg-multipart\app\schedule\clean_tmpdir.js
2019-07-11 21:04:06,102 INFO 45944 [egg-schedule]: register schedule D:\Work_Space\Egg.js\lottery2\node_modules\_egg-logrotator@3.1.0@egg-logrotator\app\schedule\clean_log.js
2019-07-11 21:04:06,102 INFO 45944 [egg-schedule]: register schedule D:\Work_Space\Egg.js\lottery2\node_modules\_egg-logrotator@3.1.0@egg-logrotator\app\schedule\rotate_by_file.js
2019-07-11 21:04:17,946 INFO 21832 [egg-schedule]: register schedule D:\Work_Space\Egg.js\lottery2\node_modules\_egg-multipart@2.7.1@egg-multipart\app\schedule\clean_tmpdir.js
2019-07-11 21:04:17,946 INFO 21832 [egg-schedule]: register schedule D:\Work_Space\Egg.js\lottery2\node_modules\_egg-logrotator@3.1.0@egg-logrotator\app\schedule\clean_log.js
2019-07-11 21:04:17,946 INFO 21832 [egg-schedule]: register schedule D:\Work_Space\Egg.js\lottery2\node_modules\_egg-logrotator@3.1.0@egg-logrotator\app\schedule\rotate_by_file.js
2019-07-11 21:04:47,476 INFO 43352 [egg-schedule]: register schedule D:\Work_Space\Egg.js\lottery2\node_modules\_egg-multipart@2.7.1@egg-multipart\app\schedule\clean_tmpdir.js
2019-07-11 21:04:47,476 INFO 43352 [egg-schedule]: register schedule D:\Work_Space\Egg.js\lottery2\node_modules\_egg-logrotator@3.1.0@egg-logrotator\app\schedule\clean_log.js
2019-07-11 21:04:47,477 INFO 43352 [egg-schedule]: register schedule D:\Work_Space\Egg.js\lottery2\node_modules\_egg-logrotator@3.1.0@egg-logrotator\app\schedule\rotate_by_file.js
2019-07-11 21:05:17,689 INFO 37028 [egg-schedule]: register schedule D:\Work_Space\Egg.js\lottery2\node_modules\_egg-multipart@2.7.1@egg-multipart\app\schedule\clean_tmpdir.js
2019-07-11 21:05:17,689 INFO 37028 [egg-schedule]: register schedule D:\Work_Space\Egg.js\lottery2\node_modules\_egg-logrotator@3.1.0@egg-logrotator\app\schedule\clean_log.js
2019-07-11 21:05:17,689 INFO 37028 [egg-schedule]: register schedule D:\Work_Space\Egg.js\lottery2\node_modules\_egg-logrotator@3.1.0@egg-logrotator\app\schedule\rotate_by_file.js
2019-07-11 21:06:01,019 INFO 31956 [egg-schedule]: register schedule D:\Work_Space\Egg.js\lottery2\node_modules\_egg-multipart@2.7.1@egg-multipart\app\schedule\clean_tmpdir.js
2019-07-11 21:06:01,019 INFO 31956 [egg-schedule]: register schedule D:\Work_Space\Egg.js\lottery2\node_modules\_egg-logrotator@3.1.0@egg-logrotator\app\schedule\clean_log.js
2019-07-11 21:06:01,019 INFO 31956 [egg-schedule]: register schedule D:\Work_Space\Egg.js\lottery2\node_modules\_egg-logrotator@3.1.0@egg-logrotator\app\schedule\rotate_by_file.js
2019-07-11 21:08:16,571 INFO 47260 [egg-schedule]: register schedule D:\Work_Space\Egg.js\lottery2\node_modules\_egg-multipart@2.7.1@egg-multipart\app\schedule\clean_tmpdir.js
2019-07-11 21:08:16,571 INFO 47260 [egg-schedule]: register schedule D:\Work_Space\Egg.js\lottery2\node_modules\_egg-logrotator@3.1.0@egg-logrotator\app\schedule\clean_log.js
2019-07-11 21:08:16,571 INFO 47260 [egg-schedule]: register schedule D:\Work_Space\Egg.js\lottery2\node_modules\_egg-logrotator@3.1.0@egg-logrotator\app\schedule\rotate_by_file.js
2019-07-11 21:14:08,381 INFO 45768 [egg-schedule]: register schedule D:\Work_Space\Egg.js\lottery2\node_modules\_egg-multipart@2.7.1@egg-multipart\app\schedule\clean_tmpdir.js
2019-07-11 21:14:08,381 INFO 45768 [egg-schedule]: register schedule D:\Work_Space\Egg.js\lottery2\node_modules\_egg-logrotator@3.1.0@egg-logrotator\app\schedule\clean_log.js
2019-07-11 21:14:08,381 INFO 45768 [egg-schedule]: register schedule D:\Work_Space\Egg.js\lottery2\node_modules\_egg-logrotator@3.1.0@egg-logrotator\app\schedule\rotate_by_file.js
2019-07-11 21:14:40,970 INFO 37540 [egg-schedule]: register schedule D:\Work_Space\Egg.js\lottery2\node_modules\_egg-multipart@2.7.1@egg-multipart\app\schedule\clean_tmpdir.js
2019-07-11 21:14:40,970 INFO 37540 [egg-schedule]: register schedule D:\Work_Space\Egg.js\lottery2\node_modules\_egg-logrotator@3.1.0@egg-logrotator\app\schedule\clean_log.js
2019-07-11 21:14:40,970 INFO 37540 [egg-schedule]: register schedule D:\Work_Space\Egg.js\lottery2\node_modules\_egg-logrotator@3.1.0@egg-logrotator\app\schedule\rotate_by_file.js
2019-07-11 21:15:45,367 INFO 34920 [egg-schedule]: register schedule D:\Work_Space\Egg.js\lottery2\node_modules\_egg-multipart@2.7.1@egg-multipart\app\schedule\clean_tmpdir.js
2019-07-11 21:15:45,367 INFO 34920 [egg-schedule]: register schedule D:\Work_Space\Egg.js\lottery2\node_modules\_egg-logrotator@3.1.0@egg-logrotator\app\schedule\clean_log.js
2019-07-11 21:15:45,367 INFO 34920 [egg-schedule]: register schedule D:\Work_Space\Egg.js\lottery2\node_modules\_egg-logrotator@3.1.0@egg-logrotator\app\schedule\rotate_by_file.js
2019-07-11 21:15:47,288 INFO 34476 [egg-schedule]: register schedule D:\Work_Space\Egg.js\lottery2\node_modules\_egg-multipart@2.7.1@egg-multipart\app\schedule\clean_tmpdir.js
2019-07-11 21:15:47,288 INFO 34476 [egg-schedule]: register schedule D:\Work_Space\Egg.js\lottery2\node_modules\_egg-logrotator@3.1.0@egg-logrotator\app\schedule\clean_log.js
2019-07-11 21:15:47,288 INFO 34476 [egg-schedule]: register schedule D:\Work_Space\Egg.js\lottery2\node_modules\_egg-logrotator@3.1.0@egg-logrotator\app\schedule\rotate_by_file.js
2019-07-11 21:15:51,458 INFO 43728 [egg-schedule]: register schedule D:\Work_Space\Egg.js\lottery2\node_modules\_egg-multipart@2.7.1@egg-multipart\app\schedule\clean_tmpdir.js
2019-07-11 21:15:51,458 INFO 43728 [egg-schedule]: register schedule D:\Work_Space\Egg.js\lottery2\node_modules\_egg-logrotator@3.1.0@egg-logrotator\app\schedule\clean_log.js
2019-07-11 21:15:51,458 INFO 43728 [egg-schedule]: register schedule D:\Work_Space\Egg.js\lottery2\node_modules\_egg-logrotator@3.1.0@egg-logrotator\app\schedule\rotate_by_file.js
2019-07-11 21:16:43,849 INFO 24420 [egg-schedule]: register schedule D:\Work_Space\Egg.js\lottery2\node_modules\_egg-multipart@2.7.1@egg-multipart\app\schedule\clean_tmpdir.js
2019-07-11 21:16:43,849 INFO 24420 [egg-schedule]: register schedule D:\Work_Space\Egg.js\lottery2\node_modules\_egg-logrotator@3.1.0@egg-logrotator\app\schedule\clean_log.js
2019-07-11 21:16:43,849 INFO 24420 [egg-schedule]: register schedule D:\Work_Space\Egg.js\lottery2\node_modules\_egg-logrotator@3.1.0@egg-logrotator\app\schedule\rotate_by_file.js
2019-07-11 21:17:07,858 INFO 27488 [egg-schedule]: register schedule D:\Work_Space\Egg.js\lottery2\node_modules\_egg-multipart@2.7.1@egg-multipart\app\schedule\clean_tmpdir.js
2019-07-11 21:17:07,858 INFO 27488 [egg-schedule]: register schedule D:\Work_Space\Egg.js\lottery2\node_modules\_egg-logrotator@3.1.0@egg-logrotator\app\schedule\clean_log.js
2019-07-11 21:17:07,858 INFO 27488 [egg-schedule]: register schedule D:\Work_Space\Egg.js\lottery2\node_modules\_egg-logrotator@3.1.0@egg-logrotator\app\schedule\rotate_by_file.js
2019-07-11 21:18:41,564 INFO 3352 [egg-schedule]: register schedule D:\Work_Space\Egg.js\lottery2\node_modules\_egg-multipart@2.7.1@egg-multipart\app\schedule\clean_tmpdir.js
2019-07-11 21:18:41,564 INFO 3352 [egg-schedule]: register schedule D:\Work_Space\Egg.js\lottery2\node_modules\_egg-logrotator@3.1.0@egg-logrotator\app\schedule\clean_log.js
2019-07-11 21:18:41,564 INFO 3352 [egg-schedule]: register schedule D:\Work_Space\Egg.js\lottery2\node_modules\_egg-logrotator@3.1.0@egg-logrotator\app\schedule\rotate_by_file.js
2019-07-11 21:18:49,307 INFO 27584 [egg-schedule]: register schedule D:\Work_Space\Egg.js\lottery2\node_modules\_egg-multipart@2.7.1@egg-multipart\app\schedule\clean_tmpdir.js
2019-07-11 21:18:49,307 INFO 27584 [egg-schedule]: register schedule D:\Work_Space\Egg.js\lottery2\node_modules\_egg-logrotator@3.1.0@egg-logrotator\app\schedule\clean_log.js
2019-07-11 21:18:49,307 INFO 27584 [egg-schedule]: register schedule D:\Work_Space\Egg.js\lottery2\node_modules\_egg-logrotator@3.1.0@egg-logrotator\app\schedule\rotate_by_file.js
2019-07-11 21:18:51,846 INFO 41640 [egg-schedule]: register schedule D:\Work_Space\Egg.js\lottery2\node_modules\_egg-multipart@2.7.1@egg-multipart\app\schedule\clean_tmpdir.js
2019-07-11 21:18:51,846 INFO 41640 [egg-schedule]: register schedule D:\Work_Space\Egg.js\lottery2\node_modules\_egg-logrotator@3.1.0@egg-logrotator\app\schedule\clean_log.js
2019-07-11 21:18:51,846 INFO 41640 [egg-schedule]: register schedule D:\Work_Space\Egg.js\lottery2\node_modules\_egg-logrotator@3.1.0@egg-logrotator\app\schedule\rotate_by_file.js
2019-07-11 21:19:44,727 INFO 47424 [egg-schedule]: register schedule D:\Work_Space\Egg.js\lottery2\node_modules\_egg-multipart@2.7.1@egg-multipart\app\schedule\clean_tmpdir.js
2019-07-11 21:19:44,727 INFO 47424 [egg-schedule]: register schedule D:\Work_Space\Egg.js\lottery2\node_modules\_egg-logrotator@3.1.0@egg-logrotator\app\schedule\clean_log.js
2019-07-11 21:19:44,727 INFO 47424 [egg-schedule]: register schedule D:\Work_Space\Egg.js\lottery2\node_modules\_egg-logrotator@3.1.0@egg-logrotator\app\schedule\rotate_by_file.js
2019-07-11 21:20:26,977 INFO 29160 [egg-schedule]: register schedule D:\Work_Space\Egg.js\lottery2\node_modules\_egg-multipart@2.7.1@egg-multipart\app\schedule\clean_tmpdir.js
2019-07-11 21:20:26,977 INFO 29160 [egg-schedule]: register schedule D:\Work_Space\Egg.js\lottery2\node_modules\_egg-logrotator@3.1.0@egg-logrotator\app\schedule\clean_log.js
2019-07-11 21:20:26,977 INFO 29160 [egg-schedule]: register schedule D:\Work_Space\Egg.js\lottery2\node_modules\_egg-logrotator@3.1.0@egg-logrotator\app\schedule\rotate_by_file.js
2019-07-11 21:21:13,965 INFO 8584 [egg-schedule]: register schedule D:\Work_Space\Egg.js\lottery2\node_modules\_egg-multipart@2.7.1@egg-multipart\app\schedule\clean_tmpdir.js
2019-07-11 21:21:13,965 INFO 8584 [egg-schedule]: register schedule D:\Work_Space\Egg.js\lottery2\node_modules\_egg-logrotator@3.1.0@egg-logrotator\app\schedule\clean_log.js
2019-07-11 21:21:13,965 INFO 8584 [egg-schedule]: register schedule D:\Work_Space\Egg.js\lottery2\node_modules\_egg-logrotator@3.1.0@egg-logrotator\app\schedule\rotate_by_file.js
2019-07-11 21:22:01,820 INFO 39428 [egg-schedule]: register schedule D:\Work_Space\Egg.js\lottery2\node_modules\_egg-multipart@2.7.1@egg-multipart\app\schedule\clean_tmpdir.js
2019-07-11 21:22:01,820 INFO 39428 [egg-schedule]: register schedule D:\Work_Space\Egg.js\lottery2\node_modules\_egg-logrotator@3.1.0@egg-logrotator\app\schedule\clean_log.js
2019-07-11 21:22:01,820 INFO 39428 [egg-schedule]: register schedule D:\Work_Space\Egg.js\lottery2\node_modules\_egg-logrotator@3.1.0@egg-logrotator\app\schedule\rotate_by_file.js
2019-07-11 21:22:12,761 INFO 43400 [egg-schedule]: register schedule D:\Work_Space\Egg.js\lottery2\node_modules\_egg-multipart@2.7.1@egg-multipart\app\schedule\clean_tmpdir.js
2019-07-11 21:22:12,761 INFO 43400 [egg-schedule]: register schedule D:\Work_Space\Egg.js\lottery2\node_modules\_egg-logrotator@3.1.0@egg-logrotator\app\schedule\clean_log.js
2019-07-11 21:22:12,761 INFO 43400 [egg-schedule]: register schedule D:\Work_Space\Egg.js\lottery2\node_modules\_egg-logrotator@3.1.0@egg-logrotator\app\schedule\rotate_by_file.js
2019-07-11 21:22:24,682 INFO 20040 [egg-schedule]: register schedule D:\Work_Space\Egg.js\lottery2\node_modules\_egg-multipart@2.7.1@egg-multipart\app\schedule\clean_tmpdir.js
2019-07-11 21:22:24,682 INFO 20040 [egg-schedule]: register schedule D:\Work_Space\Egg.js\lottery2\node_modules\_egg-logrotator@3.1.0@egg-logrotator\app\schedule\clean_log.js
2019-07-11 21:22:24,682 INFO 20040 [egg-schedule]: register schedule D:\Work_Space\Egg.js\lottery2\node_modules\_egg-logrotator@3.1.0@egg-logrotator\app\schedule\rotate_by_file.js
2019-07-11 21:22:42,980 INFO 42100 [egg-schedule]: register schedule D:\Work_Space\Egg.js\lottery2\node_modules\_egg-multipart@2.7.1@egg-multipart\app\schedule\clean_tmpdir.js
2019-07-11 21:22:42,980 INFO 42100 [egg-schedule]: register schedule D:\Work_Space\Egg.js\lottery2\node_modules\_egg-logrotator@3.1.0@egg-logrotator\app\schedule\clean_log.js
2019-07-11 21:22:42,980 INFO 42100 [egg-schedule]: register schedule D:\Work_Space\Egg.js\lottery2\node_modules\_egg-logrotator@3.1.0@egg-logrotator\app\schedule\rotate_by_file.js
2019-07-11 21:23:08,016 INFO 32088 [egg-schedule]: register schedule D:\Work_Space\Egg.js\lottery2\node_modules\_egg-multipart@2.7.1@egg-multipart\app\schedule\clean_tmpdir.js
2019-07-11 21:23:08,016 INFO 32088 [egg-schedule]: register schedule D:\Work_Space\Egg.js\lottery2\node_modules\_egg-logrotator@3.1.0@egg-logrotator\app\schedule\clean_log.js
2019-07-11 21:23:08,016 INFO 32088 [egg-schedule]: register schedule D:\Work_Space\Egg.js\lottery2\node_modules\_egg-logrotator@3.1.0@egg-logrotator\app\schedule\rotate_by_file.js
2019-07-11 21:23:46,788 INFO 20724 [egg-schedule]: register schedule D:\Work_Space\Egg.js\lottery2\node_modules\_egg-multipart@2.7.1@egg-multipart\app\schedule\clean_tmpdir.js
2019-07-11 21:23:46,788 INFO 20724 [egg-schedule]: register schedule D:\Work_Space\Egg.js\lottery2\node_modules\_egg-logrotator@3.1.0@egg-logrotator\app\schedule\clean_log.js
2019-07-11 21:23:46,788 INFO 20724 [egg-schedule]: register schedule D:\Work_Space\Egg.js\lottery2\node_modules\_egg-logrotator@3.1.0@egg-logrotator\app\schedule\rotate_by_file.js
2019-07-11 21:26:39,949 INFO 47668 [egg-schedule]: register schedule D:\Work_Space\Egg.js\lottery2\node_modules\_egg-multipart@2.7.1@egg-multipart\app\schedule\clean_tmpdir.js
2019-07-11 21:26:39,949 INFO 47668 [egg-schedule]: register schedule D:\Work_Space\Egg.js\lottery2\node_modules\_egg-logrotator@3.1.0@egg-logrotator\app\schedule\clean_log.js
2019-07-11 21:26:39,949 INFO 47668 [egg-schedule]: register schedule D:\Work_Space\Egg.js\lottery2\node_modules\_egg-logrotator@3.1.0@egg-logrotator\app\schedule\rotate_by_file.js
2019-07-11 21:26:42,706 INFO 2828 [egg-schedule]: register schedule D:\Work_Space\Egg.js\lottery2\node_modules\_egg-multipart@2.7.1@egg-multipart\app\schedule\clean_tmpdir.js
2019-07-11 21:26:42,706 INFO 2828 [egg-schedule]: register schedule D:\Work_Space\Egg.js\lottery2\node_modules\_egg-logrotator@3.1.0@egg-logrotator\app\schedule\clean_log.js
2019-07-11 21:26:42,706 INFO 2828 [egg-schedule]: register schedule D:\Work_Space\Egg.js\lottery2\node_modules\_egg-logrotator@3.1.0@egg-logrotator\app\schedule\rotate_by_file.js
2019-07-11 21:27:29,750 INFO 14080 [egg-schedule]: register schedule D:\Work_Space\Egg.js\lottery2\node_modules\_egg-multipart@2.7.1@egg-multipart\app\schedule\clean_tmpdir.js
2019-07-11 21:27:29,750 INFO 14080 [egg-schedule]: register schedule D:\Work_Space\Egg.js\lottery2\node_modules\_egg-logrotator@3.1.0@egg-logrotator\app\schedule\clean_log.js
2019-07-11 21:27:29,750 INFO 14080 [egg-schedule]: register schedule D:\Work_Space\Egg.js\lottery2\node_modules\_egg-logrotator@3.1.0@egg-logrotator\app\schedule\rotate_by_file.js
2019-07-11 21:28:00,882 INFO 39124 [egg-schedule]: register schedule D:\Work_Space\Egg.js\lottery2\node_modules\_egg-multipart@2.7.1@egg-multipart\app\schedule\clean_tmpdir.js
2019-07-11 21:28:00,882 INFO 39124 [egg-schedule]: register schedule D:\Work_Space\Egg.js\lottery2\node_modules\_egg-logrotator@3.1.0@egg-logrotator\app\schedule\clean_log.js
2019-07-11 21:28:00,882 INFO 39124 [egg-schedule]: register schedule D:\Work_Space\Egg.js\lottery2\node_modules\_egg-logrotator@3.1.0@egg-logrotator\app\schedule\rotate_by_file.js
2019-07-11 21:28:09,129 INFO 39804 [egg-schedule]: register schedule D:\Work_Space\Egg.js\lottery2\node_modules\_egg-multipart@2.7.1@egg-multipart\app\schedule\clean_tmpdir.js
2019-07-11 21:28:09,129 INFO 39804 [egg-schedule]: register schedule D:\Work_Space\Egg.js\lottery2\node_modules\_egg-logrotator@3.1.0@egg-logrotator\app\schedule\clean_log.js
2019-07-11 21:28:09,129 INFO 39804 [egg-schedule]: register schedule D:\Work_Space\Egg.js\lottery2\node_modules\_egg-logrotator@3.1.0@egg-logrotator\app\schedule\rotate_by_file.js
2019-07-11 21:28:14,424 INFO 43916 [egg-schedule]: register schedule D:\Work_Space\Egg.js\lottery2\node_modules\_egg-multipart@2.7.1@egg-multipart\app\schedule\clean_tmpdir.js
2019-07-11 21:28:14,424 INFO 43916 [egg-schedule]: register schedule D:\Work_Space\Egg.js\lottery2\node_modules\_egg-logrotator@3.1.0@egg-logrotator\app\schedule\clean_log.js
2019-07-11 21:28:14,424 INFO 43916 [egg-schedule]: register schedule D:\Work_Space\Egg.js\lottery2\node_modules\_egg-logrotator@3.1.0@egg-logrotator\app\schedule\rotate_by_file.js
2019-07-11 21:28:31,910 INFO 47764 [egg-schedule]: register schedule D:\Work_Space\Egg.js\lottery2\node_modules\_egg-multipart@2.7.1@egg-multipart\app\schedule\clean_tmpdir.js
2019-07-11 21:28:31,910 INFO 47764 [egg-schedule]: register schedule D:\Work_Space\Egg.js\lottery2\node_modules\_egg-logrotator@3.1.0@egg-logrotator\app\schedule\clean_log.js
2019-07-11 21:28:31,910 INFO 47764 [egg-schedule]: register schedule D:\Work_Space\Egg.js\lottery2\node_modules\_egg-logrotator@3.1.0@egg-logrotator\app\schedule\rotate_by_file.js
2019-07-11 21:29:31,841 INFO 45548 [egg-schedule]: register schedule D:\Work_Space\Egg.js\lottery2\node_modules\_egg-multipart@2.7.1@egg-multipart\app\schedule\clean_tmpdir.js
2019-07-11 21:29:31,841 INFO 45548 [egg-schedule]: register schedule D:\Work_Space\Egg.js\lottery2\node_modules\_egg-logrotator@3.1.0@egg-logrotator\app\schedule\clean_log.js
2019-07-11 21:29:31,841 INFO 45548 [egg-schedule]: register schedule D:\Work_Space\Egg.js\lottery2\node_modules\_egg-logrotator@3.1.0@egg-logrotator\app\schedule\rotate_by_file.js
2019-07-11 21:30:11,871 INFO 46552 [egg-schedule]: register schedule D:\Work_Space\Egg.js\lottery2\node_modules\_egg-multipart@2.7.1@egg-multipart\app\schedule\clean_tmpdir.js
2019-07-11 21:30:11,871 INFO 46552 [egg-schedule]: register schedule D:\Work_Space\Egg.js\lottery2\node_modules\_egg-logrotator@3.1.0@egg-logrotator\app\schedule\clean_log.js
2019-07-11 21:30:11,871 INFO 46552 [egg-schedule]: register schedule D:\Work_Space\Egg.js\lottery2\node_modules\_egg-logrotator@3.1.0@egg-logrotator\app\schedule\rotate_by_file.js
2019-07-11 21:30:27,135 INFO 28708 [egg-schedule]: register schedule D:\Work_Space\Egg.js\lottery2\node_modules\_egg-multipart@2.7.1@egg-multipart\app\schedule\clean_tmpdir.js
2019-07-11 21:30:27,135 INFO 28708 [egg-schedule]: register schedule D:\Work_Space\Egg.js\lottery2\node_modules\_egg-logrotator@3.1.0@egg-logrotator\app\schedule\clean_log.js
2019-07-11 21:30:27,135 INFO 28708 [egg-schedule]: register schedule D:\Work_Space\Egg.js\lottery2\node_modules\_egg-logrotator@3.1.0@egg-logrotator\app\schedule\rotate_by_file.js
2019-07-11 21:30:43,482 INFO 29732 [egg-schedule]: register schedule D:\Work_Space\Egg.js\lottery2\node_modules\_egg-multipart@2.7.1@egg-multipart\app\schedule\clean_tmpdir.js
2019-07-11 21:30:43,482 INFO 29732 [egg-schedule]: register schedule D:\Work_Space\Egg.js\lottery2\node_modules\_egg-logrotator@3.1.0@egg-logrotator\app\schedule\clean_log.js
2019-07-11 21:30:43,482 INFO 29732 [egg-schedule]: register schedule D:\Work_Space\Egg.js\lottery2\node_modules\_egg-logrotator@3.1.0@egg-logrotator\app\schedule\rotate_by_file.js
2019-07-11 21:30:50,934 INFO 41896 [egg-schedule]: register schedule D:\Work_Space\Egg.js\lottery2\node_modules\_egg-multipart@2.7.1@egg-multipart\app\schedule\clean_tmpdir.js
2019-07-11 21:30:50,934 INFO 41896 [egg-schedule]: register schedule D:\Work_Space\Egg.js\lottery2\node_modules\_egg-logrotator@3.1.0@egg-logrotator\app\schedule\clean_log.js
2019-07-11 21:30:50,934 INFO 41896 [egg-schedule]: register schedule D:\Work_Space\Egg.js\lottery2\node_modules\_egg-logrotator@3.1.0@egg-logrotator\app\schedule\rotate_by_file.js
2019-07-11 21:31:05,825 INFO 35452 [egg-schedule]: register schedule D:\Work_Space\Egg.js\lottery2\node_modules\_egg-multipart@2.7.1@egg-multipart\app\schedule\clean_tmpdir.js
2019-07-11 21:31:05,825 INFO 35452 [egg-schedule]: register schedule D:\Work_Space\Egg.js\lottery2\node_modules\_egg-logrotator@3.1.0@egg-logrotator\app\schedule\clean_log.js
2019-07-11 21:31:05,825 INFO 35452 [egg-schedule]: register schedule D:\Work_Space\Egg.js\lottery2\node_modules\_egg-logrotator@3.1.0@egg-logrotator\app\schedule\rotate_by_file.js
2019-07-11 21:48:03,265 INFO 45068 [egg-schedule]: register schedule D:\Work_Space\Egg.js\lottery2\node_modules\_egg-multipart@2.7.1@egg-multipart\app\schedule\clean_tmpdir.js
2019-07-11 21:48:03,265 INFO 45068 [egg-schedule]: register schedule D:\Work_Space\Egg.js\lottery2\node_modules\_egg-logrotator@3.1.0@egg-logrotator\app\schedule\clean_log.js
2019-07-11 21:48:03,265 INFO 45068 [egg-schedule]: register schedule D:\Work_Space\Egg.js\lottery2\node_modules\_egg-logrotator@3.1.0@egg-logrotator\app\schedule\rotate_by_file.js
2019-07-11 21:48:05,431 INFO 13284 [egg-schedule]: register schedule D:\Work_Space\Egg.js\lottery2\node_modules\_egg-multipart@2.7.1@egg-multipart\app\schedule\clean_tmpdir.js
2019-07-11 21:48:05,431 INFO 13284 [egg-schedule]: register schedule D:\Work_Space\Egg.js\lottery2\node_modules\_egg-logrotator@3.1.0@egg-logrotator\app\schedule\clean_log.js
2019-07-11 21:48:05,431 INFO 13284 [egg-schedule]: register schedule D:\Work_Space\Egg.js\lottery2\node_modules\_egg-logrotator@3.1.0@egg-logrotator\app\schedule\rotate_by_file.js
2019-07-11 21:58:04,891 INFO 49940 [egg-schedule]: register schedule D:\Work_Space\Egg.js\lottery2\node_modules\_egg-multipart@2.7.1@egg-multipart\app\schedule\clean_tmpdir.js
2019-07-11 21:58:04,891 INFO 49940 [egg-schedule]: register schedule D:\Work_Space\Egg.js\lottery2\node_modules\_egg-logrotator@3.1.0@egg-logrotator\app\schedule\clean_log.js
2019-07-11 21:58:04,891 INFO 49940 [egg-schedule]: register schedule D:\Work_Space\Egg.js\lottery2\node_modules\_egg-logrotator@3.1.0@egg-logrotator\app\schedule\rotate_by_file.js
2019-07-11 21:58:09,221 INFO 9400 [egg-schedule]: register schedule D:\Work_Space\Egg.js\lottery2\node_modules\_egg-multipart@2.7.1@egg-multipart\app\schedule\clean_tmpdir.js
2019-07-11 21:58:09,221 INFO 9400 [egg-schedule]: register schedule D:\Work_Space\Egg.js\lottery2\node_modules\_egg-logrotator@3.1.0@egg-logrotator\app\schedule\clean_log.js
2019-07-11 21:58:09,221 INFO 9400 [egg-schedule]: register schedule D:\Work_Space\Egg.js\lottery2\node_modules\_egg-logrotator@3.1.0@egg-logrotator\app\schedule\rotate_by_file.js
2019-07-11 21:58:12,912 INFO 48400 [egg-schedule]: register schedule D:\Work_Space\Egg.js\lottery2\node_modules\_egg-multipart@2.7.1@egg-multipart\app\schedule\clean_tmpdir.js
2019-07-11 21:58:12,912 INFO 48400 [egg-schedule]: register schedule D:\Work_Space\Egg.js\lottery2\node_modules\_egg-logrotator@3.1.0@egg-logrotator\app\schedule\clean_log.js
2019-07-11 21:58:12,912 INFO 48400 [egg-schedule]: register schedule D:\Work_Space\Egg.js\lottery2\node_modules\_egg-logrotator@3.1.0@egg-logrotator\app\schedule\rotate_by_file.js
2019-07-11 22:15:11,319 INFO 15836 [egg-schedule]: register schedule D:\Work_Space\Egg.js\lottery2\node_modules\_egg-multipart@2.7.1@egg-multipart\app\schedule\clean_tmpdir.js
2019-07-11 22:15:11,319 INFO 15836 [egg-schedule]: register schedule D:\Work_Space\Egg.js\lottery2\node_modules\_egg-logrotator@3.1.0@egg-logrotator\app\schedule\clean_log.js
2019-07-11 22:15:11,319 INFO 15836 [egg-schedule]: register schedule D:\Work_Space\Egg.js\lottery2\node_modules\_egg-logrotator@3.1.0@egg-logrotator\app\schedule\rotate_by_file.js
2019-07-11 22:15:14,338 INFO 49220 [egg-schedule]: register schedule D:\Work_Space\Egg.js\lottery2\node_modules\_egg-multipart@2.7.1@egg-multipart\app\schedule\clean_tmpdir.js
2019-07-11 22:15:14,338 INFO 49220 [egg-schedule]: register schedule D:\Work_Space\Egg.js\lottery2\node_modules\_egg-logrotator@3.1.0@egg-logrotator\app\schedule\clean_log.js
2019-07-11 22:15:14,338 INFO 49220 [egg-schedule]: register schedule D:\Work_Space\Egg.js\lottery2\node_modules\_egg-logrotator@3.1.0@egg-logrotator\app\schedule\rotate_by_file.js
2019-07-11 22:16:54,443 INFO 48920 [egg-schedule]: register schedule D:\Work_Space\Egg.js\lottery2\node_modules\_egg-multipart@2.7.1@egg-multipart\app\schedule\clean_tmpdir.js
2019-07-11 22:16:54,443 INFO 48920 [egg-schedule]: register schedule D:\Work_Space\Egg.js\lottery2\node_modules\_egg-logrotator@3.1.0@egg-logrotator\app\schedule\clean_log.js
2019-07-11 22:16:54,443 INFO 48920 [egg-schedule]: register schedule D:\Work_Space\Egg.js\lottery2\node_modules\_egg-logrotator@3.1.0@egg-logrotator\app\schedule\rotate_by_file.js
2019-07-11 22:17:07,648 INFO 49784 [egg-schedule]: register schedule D:\Work_Space\Egg.js\lottery2\node_modules\_egg-multipart@2.7.1@egg-multipart\app\schedule\clean_tmpdir.js
2019-07-11 22:17:07,648 INFO 49784 [egg-schedule]: register schedule D:\Work_Space\Egg.js\lottery2\node_modules\_egg-logrotator@3.1.0@egg-logrotator\app\schedule\clean_log.js
2019-07-11 22:17:07,648 INFO 49784 [egg-schedule]: register schedule D:\Work_Space\Egg.js\lottery2\node_modules\_egg-logrotator@3.1.0@egg-logrotator\app\schedule\rotate_by_file.js
2019-07-11 22:17:09,931 INFO 39096 [egg-schedule]: register schedule D:\Work_Space\Egg.js\lottery2\node_modules\_egg-multipart@2.7.1@egg-multipart\app\schedule\clean_tmpdir.js
2019-07-11 22:17:09,931 INFO 39096 [egg-schedule]: register schedule D:\Work_Space\Egg.js\lottery2\node_modules\_egg-logrotator@3.1.0@egg-logrotator\app\schedule\clean_log.js
2019-07-11 22:17:09,931 INFO 39096 [egg-schedule]: register schedule D:\Work_Space\Egg.js\lottery2\node_modules\_egg-logrotator@3.1.0@egg-logrotator\app\schedule\rotate_by_file.js
2019-07-11 22:17:22,494 INFO 20120 [egg-schedule]: register schedule D:\Work_Space\Egg.js\lottery2\node_modules\_egg-multipart@2.7.1@egg-multipart\app\schedule\clean_tmpdir.js
2019-07-11 22:17:22,494 INFO 20120 [egg-schedule]: register schedule D:\Work_Space\Egg.js\lottery2\node_modules\_egg-logrotator@3.1.0@egg-logrotator\app\schedule\clean_log.js
2019-07-11 22:17:22,494 INFO 20120 [egg-schedule]: register schedule D:\Work_Space\Egg.js\lottery2\node_modules\_egg-logrotator@3.1.0@egg-logrotator\app\schedule\rotate_by_file.js
2019-07-11 22:17:24,894 INFO 37012 [egg-schedule]: register schedule D:\Work_Space\Egg.js\lottery2\node_modules\_egg-multipart@2.7.1@egg-multipart\app\schedule\clean_tmpdir.js
2019-07-11 22:17:24,894 INFO 37012 [egg-schedule]: register schedule D:\Work_Space\Egg.js\lottery2\node_modules\_egg-logrotator@3.1.0@egg-logrotator\app\schedule\clean_log.js
2019-07-11 22:17:24,894 INFO 37012 [egg-schedule]: register schedule D:\Work_Space\Egg.js\lottery2\node_modules\_egg-logrotator@3.1.0@egg-logrotator\app\schedule\rotate_by_file.js
2019-07-11 22:19:13,794 INFO 33200 [egg-schedule]: register schedule D:\Work_Space\Egg.js\lottery2\node_modules\_egg-multipart@2.7.1@egg-multipart\app\schedule\clean_tmpdir.js
2019-07-11 22:19:13,794 INFO 33200 [egg-schedule]: register schedule D:\Work_Space\Egg.js\lottery2\node_modules\_egg-logrotator@3.1.0@egg-logrotator\app\schedule\clean_log.js
2019-07-11 22:19:13,794 INFO 33200 [egg-schedule]: register schedule D:\Work_Space\Egg.js\lottery2\node_modules\_egg-logrotator@3.1.0@egg-logrotator\app\schedule\rotate_by_file.js
2019-07-11 22:19:16,587 INFO 10356 [egg-schedule]: register schedule D:\Work_Space\Egg.js\lottery2\node_modules\_egg-multipart@2.7.1@egg-multipart\app\schedule\clean_tmpdir.js
2019-07-11 22:19:16,588 INFO 10356 [egg-schedule]: register schedule D:\Work_Space\Egg.js\lottery2\node_modules\_egg-logrotator@3.1.0@egg-logrotator\app\schedule\clean_log.js
2019-07-11 22:19:16,588 INFO 10356 [egg-schedule]: register schedule D:\Work_Space\Egg.js\lottery2\node_modules\_egg-logrotator@3.1.0@egg-logrotator\app\schedule\rotate_by_file.js
2019-07-11 22:23:06,812 INFO 50060 [egg-schedule]: register schedule D:\Work_Space\Egg.js\lottery2\node_modules\_egg-multipart@2.7.1@egg-multipart\app\schedule\clean_tmpdir.js
2019-07-11 22:23:06,812 INFO 50060 [egg-schedule]: register schedule D:\Work_Space\Egg.js\lottery2\node_modules\_egg-logrotator@3.1.0@egg-logrotator\app\schedule\clean_log.js
2019-07-11 22:23:06,812 INFO 50060 [egg-schedule]: register schedule D:\Work_Space\Egg.js\lottery2\node_modules\_egg-logrotator@3.1.0@egg-logrotator\app\schedule\rotate_by_file.js
2019-07-11 22:23:08,725 INFO 31980 [egg-schedule]: register schedule D:\Work_Space\Egg.js\lottery2\node_modules\_egg-multipart@2.7.1@egg-multipart\app\schedule\clean_tmpdir.js
2019-07-11 22:23:08,725 INFO 31980 [egg-schedule]: register schedule D:\Work_Space\Egg.js\lottery2\node_modules\_egg-logrotator@3.1.0@egg-logrotator\app\schedule\clean_log.js
2019-07-11 22:23:08,725 INFO 31980 [egg-schedule]: register schedule D:\Work_Space\Egg.js\lottery2\node_modules\_egg-logrotator@3.1.0@egg-logrotator\app\schedule\rotate_by_file.js
2019-07-12 14:27:46,413 INFO 13880 [egg-schedule]: register schedule D:\Work_Space\Egg.js\lottery2\node_modules\_egg-multipart@2.7.1@egg-multipart\app\schedule\clean_tmpdir.js
2019-07-12 14:27:46,413 INFO 13880 [egg-schedule]: register schedule D:\Work_Space\Egg.js\lottery2\node_modules\_egg-logrotator@3.1.0@egg-logrotator\app\schedule\clean_log.js
2019-07-12 14:27:46,414 INFO 13880 [egg-schedule]: register schedule D:\Work_Space\Egg.js\lottery2\node_modules\_egg-logrotator@3.1.0@egg-logrotator\app\schedule\rotate_by_file.js
2019-07-12 14:27:48,724 INFO 16896 [Timer] D:\Work_Space\Egg.js\lottery2\node_modules\_egg-multipart@2.7.1@egg-multipart\app\schedule\clean_tmpdir.js next time will execute after 50531279ms at 2019-07-13 04:30:00.003
2019-07-12 14:27:48,725 INFO 16896 [Timer] D:\Work_Space\Egg.js\lottery2\node_modules\_egg-logrotator@3.1.0@egg-logrotator\app\schedule\clean_log.js next time will execute after 34331276ms at 2019-07-13 00:00:00.001
2019-07-12 14:27:48,725 INFO 16896 [Timer] D:\Work_Space\Egg.js\lottery2\node_modules\_egg-logrotator@3.1.0@egg-logrotator\app\schedule\rotate_by_file.js next time will execute after 34332275ms at 2019-07-13 00:00:01.000
2019-07-12 14:28:18,120 INFO 7760 [egg-schedule]: register schedule D:\Work_Space\Egg.js\lottery2\node_modules\_egg-multipart@2.7.1@egg-multipart\app\schedule\clean_tmpdir.js
2019-07-12 14:28:18,120 INFO 7760 [egg-schedule]: register schedule D:\Work_Space\Egg.js\lottery2\node_modules\_egg-logrotator@3.1.0@egg-logrotator\app\schedule\clean_log.js
2019-07-12 14:28:18,120 INFO 7760 [egg-schedule]: register schedule D:\Work_Space\Egg.js\lottery2\node_modules\_egg-logrotator@3.1.0@egg-logrotator\app\schedule\rotate_by_file.js
